[32minfo[39m: Connected to MongoDB
[32minfo[39m: Listening to port 3000
[32minfo[39m: Connected to MongoDB
[32minfo[39m: Listening to port 3000
[32minfo[39m: Connected to MongoDB
[32minfo[39m: Listening to port 3000
[32minfo[39m: Connected to MongoDB
[32minfo[39m: Listening to port 3000
[32minfo[39m: Connected to MongoDB
[32minfo[39m: Listening to port 3000
[32minfo[39m: Connected to MongoDB
[32minfo[39m: Listening to port 3000
[32minfo[39m: Connected to MongoDB
[32minfo[39m: Listening to port 3000
[32minfo[39m: Connected to MongoDB
[32minfo[39m: Listening to port 3000
[32minfo[39m: Connected to MongoDB
[32minfo[39m: Listening to port 3000
[32minfo[39m: Connected to MongoDB
[32minfo[39m: Listening to port 3000
[32minfo[39m: Connected to MongoDB
[32minfo[39m: Listening to port 3000
[32minfo[39m: Connected to MongoDB
[32minfo[39m: Listening to port 3000
[32minfo[39m: Connected to MongoDB
[32minfo[39m: Listening to port 3000
[32minfo[39m: Connected to MongoDB
[32minfo[39m: Listening to port 3000
[32minfo[39m: Connected to MongoDB
[32minfo[39m: Listening to port 3000
[32minfo[39m: Connected to MongoDB
[32minfo[39m: Listening to port 3000
[32minfo[39m: Connected to MongoDB
[32minfo[39m: Listening to port 3000
[32minfo[39m: Connected to MongoDB
[32minfo[39m: Listening to port 3000
[32minfo[39m: Connected to MongoDB
[32minfo[39m: Listening to port 3000
[32minfo[39m: Connected to MongoDB
[32minfo[39m: Listening to port 3000
[32minfo[39m: Connected to MongoDB
[32minfo[39m: Listening to port 3000
[32minfo[39m: Connected to MongoDB
[32minfo[39m: Listening to port 3000
[32minfo[39m: Connected to MongoDB
[32minfo[39m: Listening to port 3000
[32minfo[39m: Connected to MongoDB
[32minfo[39m: Listening to port 3000
[31merror[39m: ReferenceError: httpStatus is not defined
    at G:\5. Project\Nodejs\d5\MERN_practice\backend\app.js:39:21
    at Layer.handle [as handle_request] (G:\5. Project\Nodejs\d5\MERN_practice\backend\node_modules\express\lib\router\layer.js:95:5)
    at trim_prefix (G:\5. Project\Nodejs\d5\MERN_practice\backend\node_modules\express\lib\router\index.js:317:13)
    at G:\5. Project\Nodejs\d5\MERN_practice\backend\node_modules\express\lib\router\index.js:284:7
    at Function.process_params (G:\5. Project\Nodejs\d5\MERN_practice\backend\node_modules\express\lib\router\index.js:335:12)
    at Immediate.next (G:\5. Project\Nodejs\d5\MERN_practice\backend\node_modules\express\lib\router\index.js:275:10)
    at Immediate._onImmediate (G:\5. Project\Nodejs\d5\MERN_practice\backend\node_modules\express\lib\router\index.js:635:15)
    at processImmediate (internal/timers.js:441:21)
    at process.topLevelDomainCallback (domain.js:131:23)
[32minfo[39m: Connected to MongoDB
[32minfo[39m: Listening to port 3000
[32minfo[39m: Connected to MongoDB
[32minfo[39m: Listening to port 3000
[32minfo[39m: Connected to MongoDB
[32minfo[39m: Listening to port 3000
[31merror[39m: ReferenceError: httpStatus is not defined
    at G:\5. Project\Nodejs\d5\MERN_practice\backend\app.js:39:21
    at Layer.handle [as handle_request] (G:\5. Project\Nodejs\d5\MERN_practice\backend\node_modules\express\lib\router\layer.js:95:5)
    at trim_prefix (G:\5. Project\Nodejs\d5\MERN_practice\backend\node_modules\express\lib\router\index.js:317:13)
    at G:\5. Project\Nodejs\d5\MERN_practice\backend\node_modules\express\lib\router\index.js:284:7
    at Function.process_params (G:\5. Project\Nodejs\d5\MERN_practice\backend\node_modules\express\lib\router\index.js:335:12)
    at next (G:\5. Project\Nodejs\d5\MERN_practice\backend\node_modules\express\lib\router\index.js:275:10)
    at initialize (G:\5. Project\Nodejs\d5\MERN_practice\backend\node_modules\passport\lib\middleware\initialize.js:53:5)
    at Layer.handle [as handle_request] (G:\5. Project\Nodejs\d5\MERN_practice\backend\node_modules\express\lib\router\layer.js:95:5)
    at trim_prefix (G:\5. Project\Nodejs\d5\MERN_practice\backend\node_modules\express\lib\router\index.js:317:13)
    at G:\5. Project\Nodejs\d5\MERN_practice\backend\node_modules\express\lib\router\index.js:284:7
    at Function.process_params (G:\5. Project\Nodejs\d5\MERN_practice\backend\node_modules\express\lib\router\index.js:335:12)
    at next (G:\5. Project\Nodejs\d5\MERN_practice\backend\node_modules\express\lib\router\index.js:275:10)
    at internalNext (G:\5. Project\Nodejs\d5\MERN_practice\backend\node_modules\helmet\dist\index.js:86:6)
    at xXssProtectionMiddleware (G:\5. Project\Nodejs\d5\MERN_practice\backend\node_modules\helmet\dist\middlewares\x-xss-protection\index.js:6:3)
    at internalNext (G:\5. Project\Nodejs\d5\MERN_practice\backend\node_modules\helmet\dist\index.js:89:6)
    at referrerPolicyMiddleware (G:\5. Project\Nodejs\d5\MERN_practice\backend\node_modules\helmet\dist\middlewares\referrer-policy\index.js:24:3)
[32minfo[39m: Connected to MongoDB
[32minfo[39m: Listening to port 3000
[32minfo[39m: Connected to MongoDB
[32minfo[39m: Listening to port 3000
[32minfo[39m: Connected to MongoDB
[32minfo[39m: Listening to port 3000
[32minfo[39m: Connected to MongoDB
[32minfo[39m: Listening to port 3000
[31merror[39m: CastError: Cast to ObjectId failed for value "604f714eb8203344984a4ea" at path "_id" for model "Testcase"
    at model.Query.exec (G:\5. Project\Nodejs\d5\MERN_practice\backend\node_modules\mongoose\lib\query.js:4360:21)
    at model.Query.Query.then (G:\5. Project\Nodejs\d5\MERN_practice\backend\node_modules\mongoose\lib\query.js:4454:15)
    at processTicksAndRejections (internal/process/task_queues.js:93:5)
[32minfo[39m: Connected to MongoDB
[32minfo[39m: Listening to port 3000
[31merror[39m: CastError: Cast to ObjectId failed for value "{ _id: '604f714eb8203344984a4ea' }" at path "_id" for model "Testcase"
    at model.Query.exec (G:\5. Project\Nodejs\d5\MERN_practice\backend\node_modules\mongoose\lib\query.js:4360:21)
    at model.Query.Query.then (G:\5. Project\Nodejs\d5\MERN_practice\backend\node_modules\mongoose\lib\query.js:4454:15)
    at processTicksAndRejections (internal/process/task_queues.js:93:5)
[31merror[39m: CastError: Cast to ObjectId failed for value "{ _id: '604f714eb8203344984a4ea' }" at path "_id" for model "Testcase"
    at model.Query.exec (G:\5. Project\Nodejs\d5\MERN_practice\backend\node_modules\mongoose\lib\query.js:4360:21)
    at model.Query.Query.then (G:\5. Project\Nodejs\d5\MERN_practice\backend\node_modules\mongoose\lib\query.js:4454:15)
    at processTicksAndRejections (internal/process/task_queues.js:93:5)
[32minfo[39m: Connected to MongoDB
[32minfo[39m: Listening to port 3000
[32minfo[39m: Connected to MongoDB
[32minfo[39m: Listening to port 3000
[32minfo[39m: Connected to MongoDB
[32minfo[39m: Listening to port 3000
[32minfo[39m: Connected to MongoDB
[32minfo[39m: Listening to port 3000
[32minfo[39m: Connected to MongoDB
[32minfo[39m: Listening to port 3000
[32minfo[39m: Connected to MongoDB
[32minfo[39m: Listening to port 3000
[32minfo[39m: Connected to MongoDB
[32minfo[39m: Listening to port 3000
[32minfo[39m: Connected to MongoDB
[32minfo[39m: Listening to port 3000
[32minfo[39m: Connected to MongoDB
[32minfo[39m: Listening to port 3000
[32minfo[39m: Connected to MongoDB
[32minfo[39m: Listening to port 3000
[32minfo[39m: Connected to MongoDB
[32minfo[39m: Listening to port 3000
[32minfo[39m: Connected to MongoDB
[32minfo[39m: Listening to port 3000
[32minfo[39m: Connected to MongoDB
[32minfo[39m: Listening to port 3000
[32minfo[39m: Connected to MongoDB
[32minfo[39m: Listening to port 3000
[32minfo[39m: Connected to MongoDB
[32minfo[39m: Listening to port 3000
[32minfo[39m: Connected to MongoDB
[32minfo[39m: Listening to port 3000
[32minfo[39m: Connected to MongoDB
[32minfo[39m: Listening to port 3000
[32minfo[39m: Connected to MongoDB
[32minfo[39m: Listening to port 3000
[32minfo[39m: Connected to MongoDB
[32minfo[39m: Listening to port 3000
[32minfo[39m: Connected to MongoDB
[32minfo[39m: Connected to MongoDB
[32minfo[39m: Listening to port 3000
[32minfo[39m: Connected to MongoDB
[32minfo[39m: Connected to MongoDB
[32minfo[39m: Listening to port 3000
[32minfo[39m: Connected to MongoDB
[32minfo[39m: Listening to port 3000
[32minfo[39m: Connected to MongoDB
[32minfo[39m: Listening to port 3000
[32minfo[39m: Connected to MongoDB
[32minfo[39m: Listening to port 3000
[32minfo[39m: Connected to MongoDB
[32minfo[39m: Listening to port 3000
[32minfo[39m: Connected to MongoDB
[32minfo[39m: Listening to port 3000
[32minfo[39m: Connected to MongoDB
[32minfo[39m: Listening to port 3000
[32minfo[39m: Connected to MongoDB
[32minfo[39m: Listening to port 3000
[32minfo[39m: Connected to MongoDB
[32minfo[39m: Listening to port 3000
[32minfo[39m: Connected to MongoDB
[32minfo[39m: Listening to port 3000
[32minfo[39m: Connected to MongoDB
[32minfo[39m: Listening to port 3000
[32minfo[39m: Connected to MongoDB
[32minfo[39m: Listening to port 3000
[32minfo[39m: Connected to MongoDB
[32minfo[39m: Listening to port 3000
[32minfo[39m: Connected to MongoDB
[32minfo[39m: Listening to port 3000
[32minfo[39m: Connected to MongoDB
[32minfo[39m: Listening to port 3000
[32minfo[39m: Connected to MongoDB
[32minfo[39m: Listening to port 3000
[32minfo[39m: Connected to MongoDB
[32minfo[39m: Listening to port 3000
[32minfo[39m: Connected to MongoDB
[32minfo[39m: Listening to port 3000
[32minfo[39m: Connected to MongoDB
[32minfo[39m: Listening to port 3000
[32minfo[39m: Connected to MongoDB
[32minfo[39m: Listening to port 3000
