[32minfo[39m: Connected to MongoDB
[32minfo[39m: Listening to port 3000
[32minfo[39m: Connected to MongoDB
[32minfo[39m: Listening to port 3000
[32minfo[39m: Connected to MongoDB
[32minfo[39m: Listening to port 3000
[32minfo[39m: Connected to MongoDB
[32minfo[39m: Listening to port 3000
[31merror[39m: ReferenceError: httpStatus is not defined
    at D:\2. Fun\7. NodeJs\MERN_practice\backend\app.js:39:21
    at Layer.handle [as handle_request] (D:\2. Fun\7. NodeJs\MERN_practice\backend\node_modules\express\lib\router\layer.js:95:5)
    at trim_prefix (D:\2. Fun\7. NodeJs\MERN_practice\backend\node_modules\express\lib\router\index.js:317:13)
    at D:\2. Fun\7. NodeJs\MERN_practice\backend\node_modules\express\lib\router\index.js:284:7
    at Function.process_params (D:\2. Fun\7. NodeJs\MERN_practice\backend\node_modules\express\lib\router\index.js:335:12)
    at next (D:\2. Fun\7. NodeJs\MERN_practice\backend\node_modules\express\lib\router\index.js:275:10)
    at initialize (D:\2. Fun\7. NodeJs\MERN_practice\backend\node_modules\passport\lib\middleware\initialize.js:53:5)
    at Layer.handle [as handle_request] (D:\2. Fun\7. NodeJs\MERN_practice\backend\node_modules\express\lib\router\layer.js:95:5)
    at trim_prefix (D:\2. Fun\7. NodeJs\MERN_practice\backend\node_modules\express\lib\router\index.js:317:13)
    at D:\2. Fun\7. NodeJs\MERN_practice\backend\node_modules\express\lib\router\index.js:284:7
    at Function.process_params (D:\2. Fun\7. NodeJs\MERN_practice\backend\node_modules\express\lib\router\index.js:335:12)
    at next (D:\2. Fun\7. NodeJs\MERN_practice\backend\node_modules\express\lib\router\index.js:275:10)
    at internalNext (D:\2. Fun\7. NodeJs\MERN_practice\backend\node_modules\helmet\dist\index.js:86:6)
    at xXssProtectionMiddleware (D:\2. Fun\7. NodeJs\MERN_practice\backend\node_modules\helmet\dist\middlewares\x-xss-protection\index.js:6:3)
    at internalNext (D:\2. Fun\7. NodeJs\MERN_practice\backend\node_modules\helmet\dist\index.js:89:6)
    at referrerPolicyMiddleware (D:\2. Fun\7. NodeJs\MERN_practice\backend\node_modules\helmet\dist\middlewares\referrer-policy\index.js:24:3)
    at internalNext (D:\2. Fun\7. NodeJs\MERN_practice\backend\node_modules\helmet\dist\index.js:89:6)
    at xPermittedCrossDomainPoliciesMiddleware (D:\2. Fun\7. NodeJs\MERN_practice\backend\node_modules\helmet\dist\middlewares\x-permitted-cross-domain-policies\index.js:15:3)
    at internalNext (D:\2. Fun\7. NodeJs\MERN_practice\backend\node_modules\helmet\dist\index.js:89:6)
    at xContentTypeOptionsMiddleware (D:\2. Fun\7. NodeJs\MERN_practice\backend\node_modules\helmet\dist\middlewares\x-content-type-options\index.js:6:3)
    at internalNext (D:\2. Fun\7. NodeJs\MERN_practice\backend\node_modules\helmet\dist\index.js:89:6)
    at xDownloadOptionsMiddleware (D:\2. Fun\7. NodeJs\MERN_practice\backend\node_modules\helmet\dist\middlewares\x-download-options\index.js:6:3)
    at internalNext (D:\2. Fun\7. NodeJs\MERN_practice\backend\node_modules\helmet\dist\index.js:89:6)
    at strictTransportSecurityMiddleware (D:\2. Fun\7. NodeJs\MERN_practice\backend\node_modules\helmet\dist\middlewares\strict-transport-security\index.js:34:3)
    at internalNext (D:\2. Fun\7. NodeJs\MERN_practice\backend\node_modules\helmet\dist\index.js:89:6)
    at xPoweredByMiddleware (D:\2. Fun\7. NodeJs\MERN_practice\backend\node_modules\helmet\dist\middlewares\x-powered-by\index.js:6:3)
    at internalNext (D:\2. Fun\7. NodeJs\MERN_practice\backend\node_modules\helmet\dist\index.js:89:6)
    at xFrameOptionsMiddleware (D:\2. Fun\7. NodeJs\MERN_practice\backend\node_modules\helmet\dist\middlewares\x-frame-options\index.js:21:3)
[31merror[39m: ReferenceError: httpStatus is not defined
    at D:\2. Fun\7. NodeJs\MERN_practice\backend\app.js:39:21
    at Layer.handle [as handle_request] (D:\2. Fun\7. NodeJs\MERN_practice\backend\node_modules\express\lib\router\layer.js:95:5)
    at trim_prefix (D:\2. Fun\7. NodeJs\MERN_practice\backend\node_modules\express\lib\router\index.js:317:13)
    at D:\2. Fun\7. NodeJs\MERN_practice\backend\node_modules\express\lib\router\index.js:284:7
    at Function.process_params (D:\2. Fun\7. NodeJs\MERN_practice\backend\node_modules\express\lib\router\index.js:335:12)
    at next (D:\2. Fun\7. NodeJs\MERN_practice\backend\node_modules\express\lib\router\index.js:275:10)
    at initialize (D:\2. Fun\7. NodeJs\MERN_practice\backend\node_modules\passport\lib\middleware\initialize.js:53:5)
    at Layer.handle [as handle_request] (D:\2. Fun\7. NodeJs\MERN_practice\backend\node_modules\express\lib\router\layer.js:95:5)
    at trim_prefix (D:\2. Fun\7. NodeJs\MERN_practice\backend\node_modules\express\lib\router\index.js:317:13)
    at D:\2. Fun\7. NodeJs\MERN_practice\backend\node_modules\express\lib\router\index.js:284:7
    at Function.process_params (D:\2. Fun\7. NodeJs\MERN_practice\backend\node_modules\express\lib\router\index.js:335:12)
    at next (D:\2. Fun\7. NodeJs\MERN_practice\backend\node_modules\express\lib\router\index.js:275:10)
    at internalNext (D:\2. Fun\7. NodeJs\MERN_practice\backend\node_modules\helmet\dist\index.js:86:6)
    at xXssProtectionMiddleware (D:\2. Fun\7. NodeJs\MERN_practice\backend\node_modules\helmet\dist\middlewares\x-xss-protection\index.js:6:3)
    at internalNext (D:\2. Fun\7. NodeJs\MERN_practice\backend\node_modules\helmet\dist\index.js:89:6)
    at referrerPolicyMiddleware (D:\2. Fun\7. NodeJs\MERN_practice\backend\node_modules\helmet\dist\middlewares\referrer-policy\index.js:24:3)
    at internalNext (D:\2. Fun\7. NodeJs\MERN_practice\backend\node_modules\helmet\dist\index.js:89:6)
    at xPermittedCrossDomainPoliciesMiddleware (D:\2. Fun\7. NodeJs\MERN_practice\backend\node_modules\helmet\dist\middlewares\x-permitted-cross-domain-policies\index.js:15:3)
    at internalNext (D:\2. Fun\7. NodeJs\MERN_practice\backend\node_modules\helmet\dist\index.js:89:6)
    at xContentTypeOptionsMiddleware (D:\2. Fun\7. NodeJs\MERN_practice\backend\node_modules\helmet\dist\middlewares\x-content-type-options\index.js:6:3)
    at internalNext (D:\2. Fun\7. NodeJs\MERN_practice\backend\node_modules\helmet\dist\index.js:89:6)
    at xDownloadOptionsMiddleware (D:\2. Fun\7. NodeJs\MERN_practice\backend\node_modules\helmet\dist\middlewares\x-download-options\index.js:6:3)
    at internalNext (D:\2. Fun\7. NodeJs\MERN_practice\backend\node_modules\helmet\dist\index.js:89:6)
    at strictTransportSecurityMiddleware (D:\2. Fun\7. NodeJs\MERN_practice\backend\node_modules\helmet\dist\middlewares\strict-transport-security\index.js:34:3)
    at internalNext (D:\2. Fun\7. NodeJs\MERN_practice\backend\node_modules\helmet\dist\index.js:89:6)
    at xPoweredByMiddleware (D:\2. Fun\7. NodeJs\MERN_practice\backend\node_modules\helmet\dist\middlewares\x-powered-by\index.js:6:3)
    at internalNext (D:\2. Fun\7. NodeJs\MERN_practice\backend\node_modules\helmet\dist\index.js:89:6)
    at xFrameOptionsMiddleware (D:\2. Fun\7. NodeJs\MERN_practice\backend\node_modules\helmet\dist\middlewares\x-frame-options\index.js:21:3)
[31merror[39m: ReferenceError: httpStatus is not defined
    at D:\2. Fun\7. NodeJs\MERN_practice\backend\app.js:39:21
    at Layer.handle [as handle_request] (D:\2. Fun\7. NodeJs\MERN_practice\backend\node_modules\express\lib\router\layer.js:95:5)
    at trim_prefix (D:\2. Fun\7. NodeJs\MERN_practice\backend\node_modules\express\lib\router\index.js:317:13)
    at D:\2. Fun\7. NodeJs\MERN_practice\backend\node_modules\express\lib\router\index.js:284:7
    at Function.process_params (D:\2. Fun\7. NodeJs\MERN_practice\backend\node_modules\express\lib\router\index.js:335:12)
    at next (D:\2. Fun\7. NodeJs\MERN_practice\backend\node_modules\express\lib\router\index.js:275:10)
    at initialize (D:\2. Fun\7. NodeJs\MERN_practice\backend\node_modules\passport\lib\middleware\initialize.js:53:5)
    at Layer.handle [as handle_request] (D:\2. Fun\7. NodeJs\MERN_practice\backend\node_modules\express\lib\router\layer.js:95:5)
    at trim_prefix (D:\2. Fun\7. NodeJs\MERN_practice\backend\node_modules\express\lib\router\index.js:317:13)
    at D:\2. Fun\7. NodeJs\MERN_practice\backend\node_modules\express\lib\router\index.js:284:7
    at Function.process_params (D:\2. Fun\7. NodeJs\MERN_practice\backend\node_modules\express\lib\router\index.js:335:12)
    at next (D:\2. Fun\7. NodeJs\MERN_practice\backend\node_modules\express\lib\router\index.js:275:10)
    at internalNext (D:\2. Fun\7. NodeJs\MERN_practice\backend\node_modules\helmet\dist\index.js:86:6)
    at xXssProtectionMiddleware (D:\2. Fun\7. NodeJs\MERN_practice\backend\node_modules\helmet\dist\middlewares\x-xss-protection\index.js:6:3)
    at internalNext (D:\2. Fun\7. NodeJs\MERN_practice\backend\node_modules\helmet\dist\index.js:89:6)
    at referrerPolicyMiddleware (D:\2. Fun\7. NodeJs\MERN_practice\backend\node_modules\helmet\dist\middlewares\referrer-policy\index.js:24:3)
    at internalNext (D:\2. Fun\7. NodeJs\MERN_practice\backend\node_modules\helmet\dist\index.js:89:6)
    at xPermittedCrossDomainPoliciesMiddleware (D:\2. Fun\7. NodeJs\MERN_practice\backend\node_modules\helmet\dist\middlewares\x-permitted-cross-domain-policies\index.js:15:3)
    at internalNext (D:\2. Fun\7. NodeJs\MERN_practice\backend\node_modules\helmet\dist\index.js:89:6)
    at xContentTypeOptionsMiddleware (D:\2. Fun\7. NodeJs\MERN_practice\backend\node_modules\helmet\dist\middlewares\x-content-type-options\index.js:6:3)
    at internalNext (D:\2. Fun\7. NodeJs\MERN_practice\backend\node_modules\helmet\dist\index.js:89:6)
    at xDownloadOptionsMiddleware (D:\2. Fun\7. NodeJs\MERN_practice\backend\node_modules\helmet\dist\middlewares\x-download-options\index.js:6:3)
    at internalNext (D:\2. Fun\7. NodeJs\MERN_practice\backend\node_modules\helmet\dist\index.js:89:6)
    at strictTransportSecurityMiddleware (D:\2. Fun\7. NodeJs\MERN_practice\backend\node_modules\helmet\dist\middlewares\strict-transport-security\index.js:34:3)
    at internalNext (D:\2. Fun\7. NodeJs\MERN_practice\backend\node_modules\helmet\dist\index.js:89:6)
    at xPoweredByMiddleware (D:\2. Fun\7. NodeJs\MERN_practice\backend\node_modules\helmet\dist\middlewares\x-powered-by\index.js:6:3)
    at internalNext (D:\2. Fun\7. NodeJs\MERN_practice\backend\node_modules\helmet\dist\index.js:89:6)
    at xFrameOptionsMiddleware (D:\2. Fun\7. NodeJs\MERN_practice\backend\node_modules\helmet\dist\middlewares\x-frame-options\index.js:21:3)
[31merror[39m: ReferenceError: httpStatus is not defined
    at D:\2. Fun\7. NodeJs\MERN_practice\backend\app.js:39:21
    at Layer.handle [as handle_request] (D:\2. Fun\7. NodeJs\MERN_practice\backend\node_modules\express\lib\router\layer.js:95:5)
    at trim_prefix (D:\2. Fun\7. NodeJs\MERN_practice\backend\node_modules\express\lib\router\index.js:317:13)
    at D:\2. Fun\7. NodeJs\MERN_practice\backend\node_modules\express\lib\router\index.js:284:7
    at Function.process_params (D:\2. Fun\7. NodeJs\MERN_practice\backend\node_modules\express\lib\router\index.js:335:12)
    at next (D:\2. Fun\7. NodeJs\MERN_practice\backend\node_modules\express\lib\router\index.js:275:10)
    at initialize (D:\2. Fun\7. NodeJs\MERN_practice\backend\node_modules\passport\lib\middleware\initialize.js:53:5)
    at Layer.handle [as handle_request] (D:\2. Fun\7. NodeJs\MERN_practice\backend\node_modules\express\lib\router\layer.js:95:5)
    at trim_prefix (D:\2. Fun\7. NodeJs\MERN_practice\backend\node_modules\express\lib\router\index.js:317:13)
    at D:\2. Fun\7. NodeJs\MERN_practice\backend\node_modules\express\lib\router\index.js:284:7
    at Function.process_params (D:\2. Fun\7. NodeJs\MERN_practice\backend\node_modules\express\lib\router\index.js:335:12)
    at next (D:\2. Fun\7. NodeJs\MERN_practice\backend\node_modules\express\lib\router\index.js:275:10)
    at internalNext (D:\2. Fun\7. NodeJs\MERN_practice\backend\node_modules\helmet\dist\index.js:86:6)
    at xXssProtectionMiddleware (D:\2. Fun\7. NodeJs\MERN_practice\backend\node_modules\helmet\dist\middlewares\x-xss-protection\index.js:6:3)
    at internalNext (D:\2. Fun\7. NodeJs\MERN_practice\backend\node_modules\helmet\dist\index.js:89:6)
    at referrerPolicyMiddleware (D:\2. Fun\7. NodeJs\MERN_practice\backend\node_modules\helmet\dist\middlewares\referrer-policy\index.js:24:3)
    at internalNext (D:\2. Fun\7. NodeJs\MERN_practice\backend\node_modules\helmet\dist\index.js:89:6)
    at xPermittedCrossDomainPoliciesMiddleware (D:\2. Fun\7. NodeJs\MERN_practice\backend\node_modules\helmet\dist\middlewares\x-permitted-cross-domain-policies\index.js:15:3)
    at internalNext (D:\2. Fun\7. NodeJs\MERN_practice\backend\node_modules\helmet\dist\index.js:89:6)
    at xContentTypeOptionsMiddleware (D:\2. Fun\7. NodeJs\MERN_practice\backend\node_modules\helmet\dist\middlewares\x-content-type-options\index.js:6:3)
    at internalNext (D:\2. Fun\7. NodeJs\MERN_practice\backend\node_modules\helmet\dist\index.js:89:6)
    at xDownloadOptionsMiddleware (D:\2. Fun\7. NodeJs\MERN_practice\backend\node_modules\helmet\dist\middlewares\x-download-options\index.js:6:3)
    at internalNext (D:\2. Fun\7. NodeJs\MERN_practice\backend\node_modules\helmet\dist\index.js:89:6)
    at strictTransportSecurityMiddleware (D:\2. Fun\7. NodeJs\MERN_practice\backend\node_modules\helmet\dist\middlewares\strict-transport-security\index.js:34:3)
    at internalNext (D:\2. Fun\7. NodeJs\MERN_practice\backend\node_modules\helmet\dist\index.js:89:6)
    at xPoweredByMiddleware (D:\2. Fun\7. NodeJs\MERN_practice\backend\node_modules\helmet\dist\middlewares\x-powered-by\index.js:6:3)
    at internalNext (D:\2. Fun\7. NodeJs\MERN_practice\backend\node_modules\helmet\dist\index.js:89:6)
    at xFrameOptionsMiddleware (D:\2. Fun\7. NodeJs\MERN_practice\backend\node_modules\helmet\dist\middlewares\x-frame-options\index.js:21:3)
[31merror[39m: ReferenceError: httpStatus is not defined
    at D:\2. Fun\7. NodeJs\MERN_practice\backend\app.js:39:21
    at Layer.handle [as handle_request] (D:\2. Fun\7. NodeJs\MERN_practice\backend\node_modules\express\lib\router\layer.js:95:5)
    at trim_prefix (D:\2. Fun\7. NodeJs\MERN_practice\backend\node_modules\express\lib\router\index.js:317:13)
    at D:\2. Fun\7. NodeJs\MERN_practice\backend\node_modules\express\lib\router\index.js:284:7
    at Function.process_params (D:\2. Fun\7. NodeJs\MERN_practice\backend\node_modules\express\lib\router\index.js:335:12)
    at next (D:\2. Fun\7. NodeJs\MERN_practice\backend\node_modules\express\lib\router\index.js:275:10)
    at initialize (D:\2. Fun\7. NodeJs\MERN_practice\backend\node_modules\passport\lib\middleware\initialize.js:53:5)
    at Layer.handle [as handle_request] (D:\2. Fun\7. NodeJs\MERN_practice\backend\node_modules\express\lib\router\layer.js:95:5)
    at trim_prefix (D:\2. Fun\7. NodeJs\MERN_practice\backend\node_modules\express\lib\router\index.js:317:13)
    at D:\2. Fun\7. NodeJs\MERN_practice\backend\node_modules\express\lib\router\index.js:284:7
    at Function.process_params (D:\2. Fun\7. NodeJs\MERN_practice\backend\node_modules\express\lib\router\index.js:335:12)
    at next (D:\2. Fun\7. NodeJs\MERN_practice\backend\node_modules\express\lib\router\index.js:275:10)
    at internalNext (D:\2. Fun\7. NodeJs\MERN_practice\backend\node_modules\helmet\dist\index.js:86:6)
    at xXssProtectionMiddleware (D:\2. Fun\7. NodeJs\MERN_practice\backend\node_modules\helmet\dist\middlewares\x-xss-protection\index.js:6:3)
    at internalNext (D:\2. Fun\7. NodeJs\MERN_practice\backend\node_modules\helmet\dist\index.js:89:6)
    at referrerPolicyMiddleware (D:\2. Fun\7. NodeJs\MERN_practice\backend\node_modules\helmet\dist\middlewares\referrer-policy\index.js:24:3)
    at internalNext (D:\2. Fun\7. NodeJs\MERN_practice\backend\node_modules\helmet\dist\index.js:89:6)
    at xPermittedCrossDomainPoliciesMiddleware (D:\2. Fun\7. NodeJs\MERN_practice\backend\node_modules\helmet\dist\middlewares\x-permitted-cross-domain-policies\index.js:15:3)
    at internalNext (D:\2. Fun\7. NodeJs\MERN_practice\backend\node_modules\helmet\dist\index.js:89:6)
    at xContentTypeOptionsMiddleware (D:\2. Fun\7. NodeJs\MERN_practice\backend\node_modules\helmet\dist\middlewares\x-content-type-options\index.js:6:3)
    at internalNext (D:\2. Fun\7. NodeJs\MERN_practice\backend\node_modules\helmet\dist\index.js:89:6)
    at xDownloadOptionsMiddleware (D:\2. Fun\7. NodeJs\MERN_practice\backend\node_modules\helmet\dist\middlewares\x-download-options\index.js:6:3)
    at internalNext (D:\2. Fun\7. NodeJs\MERN_practice\backend\node_modules\helmet\dist\index.js:89:6)
    at strictTransportSecurityMiddleware (D:\2. Fun\7. NodeJs\MERN_practice\backend\node_modules\helmet\dist\middlewares\strict-transport-security\index.js:34:3)
    at internalNext (D:\2. Fun\7. NodeJs\MERN_practice\backend\node_modules\helmet\dist\index.js:89:6)
    at xPoweredByMiddleware (D:\2. Fun\7. NodeJs\MERN_practice\backend\node_modules\helmet\dist\middlewares\x-powered-by\index.js:6:3)
    at internalNext (D:\2. Fun\7. NodeJs\MERN_practice\backend\node_modules\helmet\dist\index.js:89:6)
    at xFrameOptionsMiddleware (D:\2. Fun\7. NodeJs\MERN_practice\backend\node_modules\helmet\dist\middlewares\x-frame-options\index.js:21:3)
[31merror[39m: ReferenceError: httpStatus is not defined
    at D:\2. Fun\7. NodeJs\MERN_practice\backend\app.js:39:21
    at Layer.handle [as handle_request] (D:\2. Fun\7. NodeJs\MERN_practice\backend\node_modules\express\lib\router\layer.js:95:5)
    at trim_prefix (D:\2. Fun\7. NodeJs\MERN_practice\backend\node_modules\express\lib\router\index.js:317:13)
    at D:\2. Fun\7. NodeJs\MERN_practice\backend\node_modules\express\lib\router\index.js:284:7
    at Function.process_params (D:\2. Fun\7. NodeJs\MERN_practice\backend\node_modules\express\lib\router\index.js:335:12)
    at next (D:\2. Fun\7. NodeJs\MERN_practice\backend\node_modules\express\lib\router\index.js:275:10)
    at initialize (D:\2. Fun\7. NodeJs\MERN_practice\backend\node_modules\passport\lib\middleware\initialize.js:53:5)
    at Layer.handle [as handle_request] (D:\2. Fun\7. NodeJs\MERN_practice\backend\node_modules\express\lib\router\layer.js:95:5)
    at trim_prefix (D:\2. Fun\7. NodeJs\MERN_practice\backend\node_modules\express\lib\router\index.js:317:13)
    at D:\2. Fun\7. NodeJs\MERN_practice\backend\node_modules\express\lib\router\index.js:284:7
    at Function.process_params (D:\2. Fun\7. NodeJs\MERN_practice\backend\node_modules\express\lib\router\index.js:335:12)
    at next (D:\2. Fun\7. NodeJs\MERN_practice\backend\node_modules\express\lib\router\index.js:275:10)
    at internalNext (D:\2. Fun\7. NodeJs\MERN_practice\backend\node_modules\helmet\dist\index.js:86:6)
    at xXssProtectionMiddleware (D:\2. Fun\7. NodeJs\MERN_practice\backend\node_modules\helmet\dist\middlewares\x-xss-protection\index.js:6:3)
    at internalNext (D:\2. Fun\7. NodeJs\MERN_practice\backend\node_modules\helmet\dist\index.js:89:6)
    at referrerPolicyMiddleware (D:\2. Fun\7. NodeJs\MERN_practice\backend\node_modules\helmet\dist\middlewares\referrer-policy\index.js:24:3)
    at internalNext (D:\2. Fun\7. NodeJs\MERN_practice\backend\node_modules\helmet\dist\index.js:89:6)
    at xPermittedCrossDomainPoliciesMiddleware (D:\2. Fun\7. NodeJs\MERN_practice\backend\node_modules\helmet\dist\middlewares\x-permitted-cross-domain-policies\index.js:15:3)
    at internalNext (D:\2. Fun\7. NodeJs\MERN_practice\backend\node_modules\helmet\dist\index.js:89:6)
    at xContentTypeOptionsMiddleware (D:\2. Fun\7. NodeJs\MERN_practice\backend\node_modules\helmet\dist\middlewares\x-content-type-options\index.js:6:3)
    at internalNext (D:\2. Fun\7. NodeJs\MERN_practice\backend\node_modules\helmet\dist\index.js:89:6)
    at xDownloadOptionsMiddleware (D:\2. Fun\7. NodeJs\MERN_practice\backend\node_modules\helmet\dist\middlewares\x-download-options\index.js:6:3)
    at internalNext (D:\2. Fun\7. NodeJs\MERN_practice\backend\node_modules\helmet\dist\index.js:89:6)
    at strictTransportSecurityMiddleware (D:\2. Fun\7. NodeJs\MERN_practice\backend\node_modules\helmet\dist\middlewares\strict-transport-security\index.js:34:3)
    at internalNext (D:\2. Fun\7. NodeJs\MERN_practice\backend\node_modules\helmet\dist\index.js:89:6)
    at xPoweredByMiddleware (D:\2. Fun\7. NodeJs\MERN_practice\backend\node_modules\helmet\dist\middlewares\x-powered-by\index.js:6:3)
    at internalNext (D:\2. Fun\7. NodeJs\MERN_practice\backend\node_modules\helmet\dist\index.js:89:6)
    at xFrameOptionsMiddleware (D:\2. Fun\7. NodeJs\MERN_practice\backend\node_modules\helmet\dist\middlewares\x-frame-options\index.js:21:3)
[31merror[39m: ReferenceError: httpStatus is not defined
    at D:\2. Fun\7. NodeJs\MERN_practice\backend\app.js:39:21
    at Layer.handle [as handle_request] (D:\2. Fun\7. NodeJs\MERN_practice\backend\node_modules\express\lib\router\layer.js:95:5)
    at trim_prefix (D:\2. Fun\7. NodeJs\MERN_practice\backend\node_modules\express\lib\router\index.js:317:13)
    at D:\2. Fun\7. NodeJs\MERN_practice\backend\node_modules\express\lib\router\index.js:284:7
    at Function.process_params (D:\2. Fun\7. NodeJs\MERN_practice\backend\node_modules\express\lib\router\index.js:335:12)
    at next (D:\2. Fun\7. NodeJs\MERN_practice\backend\node_modules\express\lib\router\index.js:275:10)
    at initialize (D:\2. Fun\7. NodeJs\MERN_practice\backend\node_modules\passport\lib\middleware\initialize.js:53:5)
    at Layer.handle [as handle_request] (D:\2. Fun\7. NodeJs\MERN_practice\backend\node_modules\express\lib\router\layer.js:95:5)
    at trim_prefix (D:\2. Fun\7. NodeJs\MERN_practice\backend\node_modules\express\lib\router\index.js:317:13)
    at D:\2. Fun\7. NodeJs\MERN_practice\backend\node_modules\express\lib\router\index.js:284:7
    at Function.process_params (D:\2. Fun\7. NodeJs\MERN_practice\backend\node_modules\express\lib\router\index.js:335:12)
    at next (D:\2. Fun\7. NodeJs\MERN_practice\backend\node_modules\express\lib\router\index.js:275:10)
    at internalNext (D:\2. Fun\7. NodeJs\MERN_practice\backend\node_modules\helmet\dist\index.js:86:6)
    at xXssProtectionMiddleware (D:\2. Fun\7. NodeJs\MERN_practice\backend\node_modules\helmet\dist\middlewares\x-xss-protection\index.js:6:3)
    at internalNext (D:\2. Fun\7. NodeJs\MERN_practice\backend\node_modules\helmet\dist\index.js:89:6)
    at referrerPolicyMiddleware (D:\2. Fun\7. NodeJs\MERN_practice\backend\node_modules\helmet\dist\middlewares\referrer-policy\index.js:24:3)
    at internalNext (D:\2. Fun\7. NodeJs\MERN_practice\backend\node_modules\helmet\dist\index.js:89:6)
    at xPermittedCrossDomainPoliciesMiddleware (D:\2. Fun\7. NodeJs\MERN_practice\backend\node_modules\helmet\dist\middlewares\x-permitted-cross-domain-policies\index.js:15:3)
    at internalNext (D:\2. Fun\7. NodeJs\MERN_practice\backend\node_modules\helmet\dist\index.js:89:6)
    at xContentTypeOptionsMiddleware (D:\2. Fun\7. NodeJs\MERN_practice\backend\node_modules\helmet\dist\middlewares\x-content-type-options\index.js:6:3)
    at internalNext (D:\2. Fun\7. NodeJs\MERN_practice\backend\node_modules\helmet\dist\index.js:89:6)
    at xDownloadOptionsMiddleware (D:\2. Fun\7. NodeJs\MERN_practice\backend\node_modules\helmet\dist\middlewares\x-download-options\index.js:6:3)
    at internalNext (D:\2. Fun\7. NodeJs\MERN_practice\backend\node_modules\helmet\dist\index.js:89:6)
    at strictTransportSecurityMiddleware (D:\2. Fun\7. NodeJs\MERN_practice\backend\node_modules\helmet\dist\middlewares\strict-transport-security\index.js:34:3)
    at internalNext (D:\2. Fun\7. NodeJs\MERN_practice\backend\node_modules\helmet\dist\index.js:89:6)
    at xPoweredByMiddleware (D:\2. Fun\7. NodeJs\MERN_practice\backend\node_modules\helmet\dist\middlewares\x-powered-by\index.js:6:3)
    at internalNext (D:\2. Fun\7. NodeJs\MERN_practice\backend\node_modules\helmet\dist\index.js:89:6)
    at xFrameOptionsMiddleware (D:\2. Fun\7. NodeJs\MERN_practice\backend\node_modules\helmet\dist\middlewares\x-frame-options\index.js:21:3)
[31merror[39m: ReferenceError: httpStatus is not defined
    at D:\2. Fun\7. NodeJs\MERN_practice\backend\app.js:39:21
    at Layer.handle [as handle_request] (D:\2. Fun\7. NodeJs\MERN_practice\backend\node_modules\express\lib\router\layer.js:95:5)
    at trim_prefix (D:\2. Fun\7. NodeJs\MERN_practice\backend\node_modules\express\lib\router\index.js:317:13)
    at D:\2. Fun\7. NodeJs\MERN_practice\backend\node_modules\express\lib\router\index.js:284:7
    at Function.process_params (D:\2. Fun\7. NodeJs\MERN_practice\backend\node_modules\express\lib\router\index.js:335:12)
    at next (D:\2. Fun\7. NodeJs\MERN_practice\backend\node_modules\express\lib\router\index.js:275:10)
    at initialize (D:\2. Fun\7. NodeJs\MERN_practice\backend\node_modules\passport\lib\middleware\initialize.js:53:5)
    at Layer.handle [as handle_request] (D:\2. Fun\7. NodeJs\MERN_practice\backend\node_modules\express\lib\router\layer.js:95:5)
    at trim_prefix (D:\2. Fun\7. NodeJs\MERN_practice\backend\node_modules\express\lib\router\index.js:317:13)
    at D:\2. Fun\7. NodeJs\MERN_practice\backend\node_modules\express\lib\router\index.js:284:7
    at Function.process_params (D:\2. Fun\7. NodeJs\MERN_practice\backend\node_modules\express\lib\router\index.js:335:12)
    at next (D:\2. Fun\7. NodeJs\MERN_practice\backend\node_modules\express\lib\router\index.js:275:10)
    at internalNext (D:\2. Fun\7. NodeJs\MERN_practice\backend\node_modules\helmet\dist\index.js:86:6)
    at xXssProtectionMiddleware (D:\2. Fun\7. NodeJs\MERN_practice\backend\node_modules\helmet\dist\middlewares\x-xss-protection\index.js:6:3)
    at internalNext (D:\2. Fun\7. NodeJs\MERN_practice\backend\node_modules\helmet\dist\index.js:89:6)
    at referrerPolicyMiddleware (D:\2. Fun\7. NodeJs\MERN_practice\backend\node_modules\helmet\dist\middlewares\referrer-policy\index.js:24:3)
    at internalNext (D:\2. Fun\7. NodeJs\MERN_practice\backend\node_modules\helmet\dist\index.js:89:6)
    at xPermittedCrossDomainPoliciesMiddleware (D:\2. Fun\7. NodeJs\MERN_practice\backend\node_modules\helmet\dist\middlewares\x-permitted-cross-domain-policies\index.js:15:3)
    at internalNext (D:\2. Fun\7. NodeJs\MERN_practice\backend\node_modules\helmet\dist\index.js:89:6)
    at xContentTypeOptionsMiddleware (D:\2. Fun\7. NodeJs\MERN_practice\backend\node_modules\helmet\dist\middlewares\x-content-type-options\index.js:6:3)
    at internalNext (D:\2. Fun\7. NodeJs\MERN_practice\backend\node_modules\helmet\dist\index.js:89:6)
    at xDownloadOptionsMiddleware (D:\2. Fun\7. NodeJs\MERN_practice\backend\node_modules\helmet\dist\middlewares\x-download-options\index.js:6:3)
    at internalNext (D:\2. Fun\7. NodeJs\MERN_practice\backend\node_modules\helmet\dist\index.js:89:6)
    at strictTransportSecurityMiddleware (D:\2. Fun\7. NodeJs\MERN_practice\backend\node_modules\helmet\dist\middlewares\strict-transport-security\index.js:34:3)
    at internalNext (D:\2. Fun\7. NodeJs\MERN_practice\backend\node_modules\helmet\dist\index.js:89:6)
    at xPoweredByMiddleware (D:\2. Fun\7. NodeJs\MERN_practice\backend\node_modules\helmet\dist\middlewares\x-powered-by\index.js:6:3)
    at internalNext (D:\2. Fun\7. NodeJs\MERN_practice\backend\node_modules\helmet\dist\index.js:89:6)
    at xFrameOptionsMiddleware (D:\2. Fun\7. NodeJs\MERN_practice\backend\node_modules\helmet\dist\middlewares\x-frame-options\index.js:21:3)
[32minfo[39m: Connected to MongoDB
[32minfo[39m: Listening to port 3000
[32minfo[39m: Connected to MongoDB
[32minfo[39m: Listening to port 3000
[32minfo[39m: Connected to MongoDB
[32minfo[39m: Listening to port 3000
[32minfo[39m: Connected to MongoDB
[32minfo[39m: Listening to port 3000
[32minfo[39m: Connected to MongoDB
[32minfo[39m: Listening to port 3000
[32minfo[39m: Connected to MongoDB
[32minfo[39m: Listening to port 3000
[32minfo[39m: Connected to MongoDB
[32minfo[39m: Listening to port 3000
[31merror[39m: CastError: Cast to ObjectId failed for value "{ _id: '604f714eb8203344984a4ea' }" at path "_id" for model "Testcase"
    at model.Query.exec (D:\2. Fun\7. NodeJs\MERN_practice\backend\node_modules\mongoose\lib\query.js:4360:21)
    at model.Query.Query.then (D:\2. Fun\7. NodeJs\MERN_practice\backend\node_modules\mongoose\lib\query.js:4454:15)
    at processTicksAndRejections (internal/process/task_queues.js:93:5)
[31merror[39m: CastError: Cast to ObjectId failed for value "{ _id: '604f714eb8203344984a4ea' }" at path "_id" for model "Testcase"
    at model.Query.exec (D:\2. Fun\7. NodeJs\MERN_practice\backend\node_modules\mongoose\lib\query.js:4360:21)
    at model.Query.Query.then (D:\2. Fun\7. NodeJs\MERN_practice\backend\node_modules\mongoose\lib\query.js:4454:15)
    at processTicksAndRejections (internal/process/task_queues.js:93:5)
[31merror[39m: CastError: Cast to ObjectId failed for value "{ _id: '1' }" at path "_id" for model "Testcase"
    at model.Query.exec (D:\2. Fun\7. NodeJs\MERN_practice\backend\node_modules\mongoose\lib\query.js:4360:21)
    at model.Query.Query.then (D:\2. Fun\7. NodeJs\MERN_practice\backend\node_modules\mongoose\lib\query.js:4454:15)
    at processTicksAndRejections (internal/process/task_queues.js:93:5)
[32minfo[39m: Connected to MongoDB
[32minfo[39m: Listening to port 3000
[32minfo[39m: Connected to MongoDB
[32minfo[39m: Listening to port 3000
[32minfo[39m: Connected to MongoDB
[32minfo[39m: Listening to port 3000
[32minfo[39m: Connected to MongoDB
[32minfo[39m: Listening to port 3000
[32minfo[39m: Connected to MongoDB
[32minfo[39m: Listening to port 3000
[32minfo[39m: Connected to MongoDB
[32minfo[39m: Listening to port 3000
[32minfo[39m: Connected to MongoDB
[32minfo[39m: Listening to port 3000
[32minfo[39m: Connected to MongoDB
[32minfo[39m: Listening to port 3000
[31merror[39m: CastError: Cast to ObjectId failed for value "{ _id: 'all' }" at path "_id" for model "Testcase"
    at model.Query.exec (D:\2. Fun\7. NodeJs\MERN_practice\backend\node_modules\mongoose\lib\query.js:4360:21)
    at model.Query.Query.then (D:\2. Fun\7. NodeJs\MERN_practice\backend\node_modules\mongoose\lib\query.js:4454:15)
    at processTicksAndRejections (internal/process/task_queues.js:93:5)
[32minfo[39m: Connected to MongoDB
[32minfo[39m: Listening to port 3000
[31merror[39m: CastError: Cast to ObjectId failed for value "{ _id: 'all' }" at path "_id" for model "Testcase"
    at model.Query.exec (D:\2. Fun\7. NodeJs\MERN_practice\backend\node_modules\mongoose\lib\query.js:4360:21)
    at model.Query.Query.then (D:\2. Fun\7. NodeJs\MERN_practice\backend\node_modules\mongoose\lib\query.js:4454:15)
    at processTicksAndRejections (internal/process/task_queues.js:93:5)
[32minfo[39m: Connected to MongoDB
[32minfo[39m: Listening to port 3000
[31merror[39m: ReferenceError: WebTestcase is not defined
    at D:\2. Fun\7. NodeJs\MERN_practice\backend\routes\testcase.route.js:8:23
    at Layer.handle [as handle_request] (D:\2. Fun\7. NodeJs\MERN_practice\backend\node_modules\express\lib\router\layer.js:95:5)
    at next (D:\2. Fun\7. NodeJs\MERN_practice\backend\node_modules\express\lib\router\route.js:137:13)
    at Route.dispatch (D:\2. Fun\7. NodeJs\MERN_practice\backend\node_modules\express\lib\router\route.js:112:3)
    at Layer.handle [as handle_request] (D:\2. Fun\7. NodeJs\MERN_practice\backend\node_modules\express\lib\router\layer.js:95:5)
    at D:\2. Fun\7. NodeJs\MERN_practice\backend\node_modules\express\lib\router\index.js:281:22
    at Function.process_params (D:\2. Fun\7. NodeJs\MERN_practice\backend\node_modules\express\lib\router\index.js:335:12)
    at next (D:\2. Fun\7. NodeJs\MERN_practice\backend\node_modules\express\lib\router\index.js:275:10)
    at Function.handle (D:\2. Fun\7. NodeJs\MERN_practice\backend\node_modules\express\lib\router\index.js:174:3)
    at router (D:\2. Fun\7. NodeJs\MERN_practice\backend\node_modules\express\lib\router\index.js:47:12)
    at Layer.handle [as handle_request] (D:\2. Fun\7. NodeJs\MERN_practice\backend\node_modules\express\lib\router\layer.js:95:5)
    at trim_prefix (D:\2. Fun\7. NodeJs\MERN_practice\backend\node_modules\express\lib\router\index.js:317:13)
    at D:\2. Fun\7. NodeJs\MERN_practice\backend\node_modules\express\lib\router\index.js:284:7
    at Function.process_params (D:\2. Fun\7. NodeJs\MERN_practice\backend\node_modules\express\lib\router\index.js:335:12)
    at next (D:\2. Fun\7. NodeJs\MERN_practice\backend\node_modules\express\lib\router\index.js:275:10)
    at Function.handle (D:\2. Fun\7. NodeJs\MERN_practice\backend\node_modules\express\lib\router\index.js:174:3)
    at router (D:\2. Fun\7. NodeJs\MERN_practice\backend\node_modules\express\lib\router\index.js:47:12)
    at Layer.handle [as handle_request] (D:\2. Fun\7. NodeJs\MERN_practice\backend\node_modules\express\lib\router\layer.js:95:5)
    at trim_prefix (D:\2. Fun\7. NodeJs\MERN_practice\backend\node_modules\express\lib\router\index.js:317:13)
    at D:\2. Fun\7. NodeJs\MERN_practice\backend\node_modules\express\lib\router\index.js:284:7
    at Function.process_params (D:\2. Fun\7. NodeJs\MERN_practice\backend\node_modules\express\lib\router\index.js:335:12)
    at next (D:\2. Fun\7. NodeJs\MERN_practice\backend\node_modules\express\lib\router\index.js:275:10)
    at initialize (D:\2. Fun\7. NodeJs\MERN_practice\backend\node_modules\passport\lib\middleware\initialize.js:53:5)
    at Layer.handle [as handle_request] (D:\2. Fun\7. NodeJs\MERN_practice\backend\node_modules\express\lib\router\layer.js:95:5)
    at trim_prefix (D:\2. Fun\7. NodeJs\MERN_practice\backend\node_modules\express\lib\router\index.js:317:13)
    at D:\2. Fun\7. NodeJs\MERN_practice\backend\node_modules\express\lib\router\index.js:284:7
    at Function.process_params (D:\2. Fun\7. NodeJs\MERN_practice\backend\node_modules\express\lib\router\index.js:335:12)
    at next (D:\2. Fun\7. NodeJs\MERN_practice\backend\node_modules\express\lib\router\index.js:275:10)
[32minfo[39m: Connected to MongoDB
[32minfo[39m: Listening to port 3000
[31merror[39m: ReferenceError: login_testcases is not defined
    at D:\2. Fun\7. NodeJs\MERN_practice\backend\routes\testcase.route.js:9:41
    at Layer.handle [as handle_request] (D:\2. Fun\7. NodeJs\MERN_practice\backend\node_modules\express\lib\router\layer.js:95:5)
    at next (D:\2. Fun\7. NodeJs\MERN_practice\backend\node_modules\express\lib\router\route.js:137:13)
    at Route.dispatch (D:\2. Fun\7. NodeJs\MERN_practice\backend\node_modules\express\lib\router\route.js:112:3)
    at Layer.handle [as handle_request] (D:\2. Fun\7. NodeJs\MERN_practice\backend\node_modules\express\lib\router\layer.js:95:5)
    at D:\2. Fun\7. NodeJs\MERN_practice\backend\node_modules\express\lib\router\index.js:281:22
    at Function.process_params (D:\2. Fun\7. NodeJs\MERN_practice\backend\node_modules\express\lib\router\index.js:335:12)
    at next (D:\2. Fun\7. NodeJs\MERN_practice\backend\node_modules\express\lib\router\index.js:275:10)
    at Function.handle (D:\2. Fun\7. NodeJs\MERN_practice\backend\node_modules\express\lib\router\index.js:174:3)
    at router (D:\2. Fun\7. NodeJs\MERN_practice\backend\node_modules\express\lib\router\index.js:47:12)
    at Layer.handle [as handle_request] (D:\2. Fun\7. NodeJs\MERN_practice\backend\node_modules\express\lib\router\layer.js:95:5)
    at trim_prefix (D:\2. Fun\7. NodeJs\MERN_practice\backend\node_modules\express\lib\router\index.js:317:13)
    at D:\2. Fun\7. NodeJs\MERN_practice\backend\node_modules\express\lib\router\index.js:284:7
    at Function.process_params (D:\2. Fun\7. NodeJs\MERN_practice\backend\node_modules\express\lib\router\index.js:335:12)
    at next (D:\2. Fun\7. NodeJs\MERN_practice\backend\node_modules\express\lib\router\index.js:275:10)
    at Function.handle (D:\2. Fun\7. NodeJs\MERN_practice\backend\node_modules\express\lib\router\index.js:174:3)
    at router (D:\2. Fun\7. NodeJs\MERN_practice\backend\node_modules\express\lib\router\index.js:47:12)
    at Layer.handle [as handle_request] (D:\2. Fun\7. NodeJs\MERN_practice\backend\node_modules\express\lib\router\layer.js:95:5)
    at trim_prefix (D:\2. Fun\7. NodeJs\MERN_practice\backend\node_modules\express\lib\router\index.js:317:13)
    at D:\2. Fun\7. NodeJs\MERN_practice\backend\node_modules\express\lib\router\index.js:284:7
    at Function.process_params (D:\2. Fun\7. NodeJs\MERN_practice\backend\node_modules\express\lib\router\index.js:335:12)
    at next (D:\2. Fun\7. NodeJs\MERN_practice\backend\node_modules\express\lib\router\index.js:275:10)
    at initialize (D:\2. Fun\7. NodeJs\MERN_practice\backend\node_modules\passport\lib\middleware\initialize.js:53:5)
    at Layer.handle [as handle_request] (D:\2. Fun\7. NodeJs\MERN_practice\backend\node_modules\express\lib\router\layer.js:95:5)
    at trim_prefix (D:\2. Fun\7. NodeJs\MERN_practice\backend\node_modules\express\lib\router\index.js:317:13)
    at D:\2. Fun\7. NodeJs\MERN_practice\backend\node_modules\express\lib\router\index.js:284:7
    at Function.process_params (D:\2. Fun\7. NodeJs\MERN_practice\backend\node_modules\express\lib\router\index.js:335:12)
    at next (D:\2. Fun\7. NodeJs\MERN_practice\backend\node_modules\express\lib\router\index.js:275:10)
[32minfo[39m: Connected to MongoDB
[32minfo[39m: Listening to port 3000
[31merror[39m: TypeError: Converting circular structure to JSON
    --> starting at object with constructor 'NativeTopology'
    |     property 's' -> object with constructor 'Object'
    |     property 'sessionPool' -> object with constructor 'ServerSessionPool'
    --- property 'topology' closes the circle
    at JSON.stringify (<anonymous>)
    at stringify (D:\2. Fun\7. NodeJs\MERN_practice\backend\node_modules\express\lib\response.js:1119:12)
    at ServerResponse.json (D:\2. Fun\7. NodeJs\MERN_practice\backend\node_modules\express\lib\response.js:260:14)
    at D:\2. Fun\7. NodeJs\MERN_practice\backend\routes\testcase.route.js:10:9
    at Layer.handle [as handle_request] (D:\2. Fun\7. NodeJs\MERN_practice\backend\node_modules\express\lib\router\layer.js:95:5)
    at next (D:\2. Fun\7. NodeJs\MERN_practice\backend\node_modules\express\lib\router\route.js:137:13)
    at Route.dispatch (D:\2. Fun\7. NodeJs\MERN_practice\backend\node_modules\express\lib\router\route.js:112:3)
    at Layer.handle [as handle_request] (D:\2. Fun\7. NodeJs\MERN_practice\backend\node_modules\express\lib\router\layer.js:95:5)
    at D:\2. Fun\7. NodeJs\MERN_practice\backend\node_modules\express\lib\router\index.js:281:22
    at Function.process_params (D:\2. Fun\7. NodeJs\MERN_practice\backend\node_modules\express\lib\router\index.js:335:12)
    at next (D:\2. Fun\7. NodeJs\MERN_practice\backend\node_modules\express\lib\router\index.js:275:10)
    at Function.handle (D:\2. Fun\7. NodeJs\MERN_practice\backend\node_modules\express\lib\router\index.js:174:3)
    at router (D:\2. Fun\7. NodeJs\MERN_practice\backend\node_modules\express\lib\router\index.js:47:12)
    at Layer.handle [as handle_request] (D:\2. Fun\7. NodeJs\MERN_practice\backend\node_modules\express\lib\router\layer.js:95:5)
    at trim_prefix (D:\2. Fun\7. NodeJs\MERN_practice\backend\node_modules\express\lib\router\index.js:317:13)
    at D:\2. Fun\7. NodeJs\MERN_practice\backend\node_modules\express\lib\router\index.js:284:7
    at Function.process_params (D:\2. Fun\7. NodeJs\MERN_practice\backend\node_modules\express\lib\router\index.js:335:12)
    at next (D:\2. Fun\7. NodeJs\MERN_practice\backend\node_modules\express\lib\router\index.js:275:10)
    at Function.handle (D:\2. Fun\7. NodeJs\MERN_practice\backend\node_modules\express\lib\router\index.js:174:3)
    at router (D:\2. Fun\7. NodeJs\MERN_practice\backend\node_modules\express\lib\router\index.js:47:12)
    at Layer.handle [as handle_request] (D:\2. Fun\7. NodeJs\MERN_practice\backend\node_modules\express\lib\router\layer.js:95:5)
    at trim_prefix (D:\2. Fun\7. NodeJs\MERN_practice\backend\node_modules\express\lib\router\index.js:317:13)
    at D:\2. Fun\7. NodeJs\MERN_practice\backend\node_modules\express\lib\router\index.js:284:7
    at Function.process_params (D:\2. Fun\7. NodeJs\MERN_practice\backend\node_modules\express\lib\router\index.js:335:12)
    at next (D:\2. Fun\7. NodeJs\MERN_practice\backend\node_modules\express\lib\router\index.js:275:10)
    at initialize (D:\2. Fun\7. NodeJs\MERN_practice\backend\node_modules\passport\lib\middleware\initialize.js:53:5)
    at Layer.handle [as handle_request] (D:\2. Fun\7. NodeJs\MERN_practice\backend\node_modules\express\lib\router\layer.js:95:5)
    at trim_prefix (D:\2. Fun\7. NodeJs\MERN_practice\backend\node_modules\express\lib\router\index.js:317:13)
[32minfo[39m: Connected to MongoDB
[32minfo[39m: Listening to port 3000
[31merror[39m: TypeError: Converting circular structure to JSON
    --> starting at object with constructor 'NativeTopology'
    |     property 's' -> object with constructor 'Object'
    |     property 'sessionPool' -> object with constructor 'ServerSessionPool'
    --- property 'topology' closes the circle
    at JSON.stringify (<anonymous>)
    at stringify (D:\2. Fun\7. NodeJs\MERN_practice\backend\node_modules\express\lib\response.js:1119:12)
    at ServerResponse.json (D:\2. Fun\7. NodeJs\MERN_practice\backend\node_modules\express\lib\response.js:260:14)
    at D:\2. Fun\7. NodeJs\MERN_practice\backend\routes\testcase.route.js:10:9
    at Layer.handle [as handle_request] (D:\2. Fun\7. NodeJs\MERN_practice\backend\node_modules\express\lib\router\layer.js:95:5)
    at next (D:\2. Fun\7. NodeJs\MERN_practice\backend\node_modules\express\lib\router\route.js:137:13)
    at Route.dispatch (D:\2. Fun\7. NodeJs\MERN_practice\backend\node_modules\express\lib\router\route.js:112:3)
    at Layer.handle [as handle_request] (D:\2. Fun\7. NodeJs\MERN_practice\backend\node_modules\express\lib\router\layer.js:95:5)
    at D:\2. Fun\7. NodeJs\MERN_practice\backend\node_modules\express\lib\router\index.js:281:22
    at Function.process_params (D:\2. Fun\7. NodeJs\MERN_practice\backend\node_modules\express\lib\router\index.js:335:12)
    at next (D:\2. Fun\7. NodeJs\MERN_practice\backend\node_modules\express\lib\router\index.js:275:10)
    at Function.handle (D:\2. Fun\7. NodeJs\MERN_practice\backend\node_modules\express\lib\router\index.js:174:3)
    at router (D:\2. Fun\7. NodeJs\MERN_practice\backend\node_modules\express\lib\router\index.js:47:12)
    at Layer.handle [as handle_request] (D:\2. Fun\7. NodeJs\MERN_practice\backend\node_modules\express\lib\router\layer.js:95:5)
    at trim_prefix (D:\2. Fun\7. NodeJs\MERN_practice\backend\node_modules\express\lib\router\index.js:317:13)
    at D:\2. Fun\7. NodeJs\MERN_practice\backend\node_modules\express\lib\router\index.js:284:7
    at Function.process_params (D:\2. Fun\7. NodeJs\MERN_practice\backend\node_modules\express\lib\router\index.js:335:12)
    at next (D:\2. Fun\7. NodeJs\MERN_practice\backend\node_modules\express\lib\router\index.js:275:10)
    at Function.handle (D:\2. Fun\7. NodeJs\MERN_practice\backend\node_modules\express\lib\router\index.js:174:3)
    at router (D:\2. Fun\7. NodeJs\MERN_practice\backend\node_modules\express\lib\router\index.js:47:12)
    at Layer.handle [as handle_request] (D:\2. Fun\7. NodeJs\MERN_practice\backend\node_modules\express\lib\router\layer.js:95:5)
    at trim_prefix (D:\2. Fun\7. NodeJs\MERN_practice\backend\node_modules\express\lib\router\index.js:317:13)
    at D:\2. Fun\7. NodeJs\MERN_practice\backend\node_modules\express\lib\router\index.js:284:7
    at Function.process_params (D:\2. Fun\7. NodeJs\MERN_practice\backend\node_modules\express\lib\router\index.js:335:12)
    at next (D:\2. Fun\7. NodeJs\MERN_practice\backend\node_modules\express\lib\router\index.js:275:10)
    at initialize (D:\2. Fun\7. NodeJs\MERN_practice\backend\node_modules\passport\lib\middleware\initialize.js:53:5)
    at Layer.handle [as handle_request] (D:\2. Fun\7. NodeJs\MERN_practice\backend\node_modules\express\lib\router\layer.js:95:5)
    at trim_prefix (D:\2. Fun\7. NodeJs\MERN_practice\backend\node_modules\express\lib\router\index.js:317:13)
[32minfo[39m: Connected to MongoDB
[32minfo[39m: Listening to port 3000
[31merror[39m: TypeError: Converting circular structure to JSON
    --> starting at object with constructor 'NativeTopology'
    |     property 's' -> object with constructor 'Object'
    |     property 'sessionPool' -> object with constructor 'ServerSessionPool'
    --- property 'topology' closes the circle
    at JSON.stringify (<anonymous>)
    at stringify (D:\2. Fun\7. NodeJs\MERN_practice\backend\node_modules\express\lib\response.js:1119:12)
    at ServerResponse.json (D:\2. Fun\7. NodeJs\MERN_practice\backend\node_modules\express\lib\response.js:260:14)
    at D:\2. Fun\7. NodeJs\MERN_practice\backend\routes\testcase.route.js:10:9
    at Layer.handle [as handle_request] (D:\2. Fun\7. NodeJs\MERN_practice\backend\node_modules\express\lib\router\layer.js:95:5)
    at next (D:\2. Fun\7. NodeJs\MERN_practice\backend\node_modules\express\lib\router\route.js:137:13)
    at Route.dispatch (D:\2. Fun\7. NodeJs\MERN_practice\backend\node_modules\express\lib\router\route.js:112:3)
    at Layer.handle [as handle_request] (D:\2. Fun\7. NodeJs\MERN_practice\backend\node_modules\express\lib\router\layer.js:95:5)
    at D:\2. Fun\7. NodeJs\MERN_practice\backend\node_modules\express\lib\router\index.js:281:22
    at Function.process_params (D:\2. Fun\7. NodeJs\MERN_practice\backend\node_modules\express\lib\router\index.js:335:12)
    at next (D:\2. Fun\7. NodeJs\MERN_practice\backend\node_modules\express\lib\router\index.js:275:10)
    at Function.handle (D:\2. Fun\7. NodeJs\MERN_practice\backend\node_modules\express\lib\router\index.js:174:3)
    at router (D:\2. Fun\7. NodeJs\MERN_practice\backend\node_modules\express\lib\router\index.js:47:12)
    at Layer.handle [as handle_request] (D:\2. Fun\7. NodeJs\MERN_practice\backend\node_modules\express\lib\router\layer.js:95:5)
    at trim_prefix (D:\2. Fun\7. NodeJs\MERN_practice\backend\node_modules\express\lib\router\index.js:317:13)
    at D:\2. Fun\7. NodeJs\MERN_practice\backend\node_modules\express\lib\router\index.js:284:7
    at Function.process_params (D:\2. Fun\7. NodeJs\MERN_practice\backend\node_modules\express\lib\router\index.js:335:12)
    at next (D:\2. Fun\7. NodeJs\MERN_practice\backend\node_modules\express\lib\router\index.js:275:10)
    at Function.handle (D:\2. Fun\7. NodeJs\MERN_practice\backend\node_modules\express\lib\router\index.js:174:3)
    at router (D:\2. Fun\7. NodeJs\MERN_practice\backend\node_modules\express\lib\router\index.js:47:12)
    at Layer.handle [as handle_request] (D:\2. Fun\7. NodeJs\MERN_practice\backend\node_modules\express\lib\router\layer.js:95:5)
    at trim_prefix (D:\2. Fun\7. NodeJs\MERN_practice\backend\node_modules\express\lib\router\index.js:317:13)
    at D:\2. Fun\7. NodeJs\MERN_practice\backend\node_modules\express\lib\router\index.js:284:7
    at Function.process_params (D:\2. Fun\7. NodeJs\MERN_practice\backend\node_modules\express\lib\router\index.js:335:12)
    at next (D:\2. Fun\7. NodeJs\MERN_practice\backend\node_modules\express\lib\router\index.js:275:10)
    at initialize (D:\2. Fun\7. NodeJs\MERN_practice\backend\node_modules\passport\lib\middleware\initialize.js:53:5)
    at Layer.handle [as handle_request] (D:\2. Fun\7. NodeJs\MERN_practice\backend\node_modules\express\lib\router\layer.js:95:5)
    at trim_prefix (D:\2. Fun\7. NodeJs\MERN_practice\backend\node_modules\express\lib\router\index.js:317:13)
[31merror[39m: TypeError: Converting circular structure to JSON
    --> starting at object with constructor 'NativeTopology'
    |     property 's' -> object with constructor 'Object'
    |     property 'sessionPool' -> object with constructor 'ServerSessionPool'
    --- property 'topology' closes the circle
    at JSON.stringify (<anonymous>)
    at stringify (D:\2. Fun\7. NodeJs\MERN_practice\backend\node_modules\express\lib\response.js:1119:12)
    at ServerResponse.json (D:\2. Fun\7. NodeJs\MERN_practice\backend\node_modules\express\lib\response.js:260:14)
    at D:\2. Fun\7. NodeJs\MERN_practice\backend\routes\testcase.route.js:10:9
    at Layer.handle [as handle_request] (D:\2. Fun\7. NodeJs\MERN_practice\backend\node_modules\express\lib\router\layer.js:95:5)
    at next (D:\2. Fun\7. NodeJs\MERN_practice\backend\node_modules\express\lib\router\route.js:137:13)
    at Route.dispatch (D:\2. Fun\7. NodeJs\MERN_practice\backend\node_modules\express\lib\router\route.js:112:3)
    at Layer.handle [as handle_request] (D:\2. Fun\7. NodeJs\MERN_practice\backend\node_modules\express\lib\router\layer.js:95:5)
    at D:\2. Fun\7. NodeJs\MERN_practice\backend\node_modules\express\lib\router\index.js:281:22
    at Function.process_params (D:\2. Fun\7. NodeJs\MERN_practice\backend\node_modules\express\lib\router\index.js:335:12)
    at next (D:\2. Fun\7. NodeJs\MERN_practice\backend\node_modules\express\lib\router\index.js:275:10)
    at Function.handle (D:\2. Fun\7. NodeJs\MERN_practice\backend\node_modules\express\lib\router\index.js:174:3)
    at router (D:\2. Fun\7. NodeJs\MERN_practice\backend\node_modules\express\lib\router\index.js:47:12)
    at Layer.handle [as handle_request] (D:\2. Fun\7. NodeJs\MERN_practice\backend\node_modules\express\lib\router\layer.js:95:5)
    at trim_prefix (D:\2. Fun\7. NodeJs\MERN_practice\backend\node_modules\express\lib\router\index.js:317:13)
    at D:\2. Fun\7. NodeJs\MERN_practice\backend\node_modules\express\lib\router\index.js:284:7
    at Function.process_params (D:\2. Fun\7. NodeJs\MERN_practice\backend\node_modules\express\lib\router\index.js:335:12)
    at next (D:\2. Fun\7. NodeJs\MERN_practice\backend\node_modules\express\lib\router\index.js:275:10)
    at Function.handle (D:\2. Fun\7. NodeJs\MERN_practice\backend\node_modules\express\lib\router\index.js:174:3)
    at router (D:\2. Fun\7. NodeJs\MERN_practice\backend\node_modules\express\lib\router\index.js:47:12)
    at Layer.handle [as handle_request] (D:\2. Fun\7. NodeJs\MERN_practice\backend\node_modules\express\lib\router\layer.js:95:5)
    at trim_prefix (D:\2. Fun\7. NodeJs\MERN_practice\backend\node_modules\express\lib\router\index.js:317:13)
    at D:\2. Fun\7. NodeJs\MERN_practice\backend\node_modules\express\lib\router\index.js:284:7
    at Function.process_params (D:\2. Fun\7. NodeJs\MERN_practice\backend\node_modules\express\lib\router\index.js:335:12)
    at next (D:\2. Fun\7. NodeJs\MERN_practice\backend\node_modules\express\lib\router\index.js:275:10)
    at initialize (D:\2. Fun\7. NodeJs\MERN_practice\backend\node_modules\passport\lib\middleware\initialize.js:53:5)
    at Layer.handle [as handle_request] (D:\2. Fun\7. NodeJs\MERN_practice\backend\node_modules\express\lib\router\layer.js:95:5)
    at trim_prefix (D:\2. Fun\7. NodeJs\MERN_practice\backend\node_modules\express\lib\router\index.js:317:13)
[32minfo[39m: Connected to MongoDB
[32minfo[39m: Listening to port 3000
[31merror[39m: TypeError: Converting circular structure to JSON
    --> starting at object with constructor 'NativeTopology'
    |     property 's' -> object with constructor 'Object'
    |     property 'sessionPool' -> object with constructor 'ServerSessionPool'
    --- property 'topology' closes the circle
    at JSON.stringify (<anonymous>)
    at stringify (D:\2. Fun\7. NodeJs\MERN_practice\backend\node_modules\express\lib\response.js:1119:12)
    at ServerResponse.json (D:\2. Fun\7. NodeJs\MERN_practice\backend\node_modules\express\lib\response.js:260:14)
    at D:\2. Fun\7. NodeJs\MERN_practice\backend\routes\testcase.route.js:10:9
    at Layer.handle [as handle_request] (D:\2. Fun\7. NodeJs\MERN_practice\backend\node_modules\express\lib\router\layer.js:95:5)
    at next (D:\2. Fun\7. NodeJs\MERN_practice\backend\node_modules\express\lib\router\route.js:137:13)
    at Route.dispatch (D:\2. Fun\7. NodeJs\MERN_practice\backend\node_modules\express\lib\router\route.js:112:3)
    at Layer.handle [as handle_request] (D:\2. Fun\7. NodeJs\MERN_practice\backend\node_modules\express\lib\router\layer.js:95:5)
    at D:\2. Fun\7. NodeJs\MERN_practice\backend\node_modules\express\lib\router\index.js:281:22
    at Function.process_params (D:\2. Fun\7. NodeJs\MERN_practice\backend\node_modules\express\lib\router\index.js:335:12)
    at next (D:\2. Fun\7. NodeJs\MERN_practice\backend\node_modules\express\lib\router\index.js:275:10)
    at Function.handle (D:\2. Fun\7. NodeJs\MERN_practice\backend\node_modules\express\lib\router\index.js:174:3)
    at router (D:\2. Fun\7. NodeJs\MERN_practice\backend\node_modules\express\lib\router\index.js:47:12)
    at Layer.handle [as handle_request] (D:\2. Fun\7. NodeJs\MERN_practice\backend\node_modules\express\lib\router\layer.js:95:5)
    at trim_prefix (D:\2. Fun\7. NodeJs\MERN_practice\backend\node_modules\express\lib\router\index.js:317:13)
    at D:\2. Fun\7. NodeJs\MERN_practice\backend\node_modules\express\lib\router\index.js:284:7
    at Function.process_params (D:\2. Fun\7. NodeJs\MERN_practice\backend\node_modules\express\lib\router\index.js:335:12)
    at next (D:\2. Fun\7. NodeJs\MERN_practice\backend\node_modules\express\lib\router\index.js:275:10)
    at Function.handle (D:\2. Fun\7. NodeJs\MERN_practice\backend\node_modules\express\lib\router\index.js:174:3)
    at router (D:\2. Fun\7. NodeJs\MERN_practice\backend\node_modules\express\lib\router\index.js:47:12)
    at Layer.handle [as handle_request] (D:\2. Fun\7. NodeJs\MERN_practice\backend\node_modules\express\lib\router\layer.js:95:5)
    at trim_prefix (D:\2. Fun\7. NodeJs\MERN_practice\backend\node_modules\express\lib\router\index.js:317:13)
    at D:\2. Fun\7. NodeJs\MERN_practice\backend\node_modules\express\lib\router\index.js:284:7
    at Function.process_params (D:\2. Fun\7. NodeJs\MERN_practice\backend\node_modules\express\lib\router\index.js:335:12)
    at next (D:\2. Fun\7. NodeJs\MERN_practice\backend\node_modules\express\lib\router\index.js:275:10)
    at initialize (D:\2. Fun\7. NodeJs\MERN_practice\backend\node_modules\passport\lib\middleware\initialize.js:53:5)
    at Layer.handle [as handle_request] (D:\2. Fun\7. NodeJs\MERN_practice\backend\node_modules\express\lib\router\layer.js:95:5)
    at trim_prefix (D:\2. Fun\7. NodeJs\MERN_practice\backend\node_modules\express\lib\router\index.js:317:13)
[32minfo[39m: Connected to MongoDB
[32minfo[39m: Listening to port 3000
[31merror[39m: TypeError: Converting circular structure to JSON
    --> starting at object with constructor 'NativeTopology'
    |     property 's' -> object with constructor 'Object'
    |     property 'sessionPool' -> object with constructor 'ServerSessionPool'
    --- property 'topology' closes the circle
    at JSON.stringify (<anonymous>)
    at stringify (D:\2. Fun\7. NodeJs\MERN_practice\backend\node_modules\express\lib\response.js:1119:12)
    at ServerResponse.json (D:\2. Fun\7. NodeJs\MERN_practice\backend\node_modules\express\lib\response.js:260:14)
    at D:\2. Fun\7. NodeJs\MERN_practice\backend\routes\testcase.route.js:10:9
    at Layer.handle [as handle_request] (D:\2. Fun\7. NodeJs\MERN_practice\backend\node_modules\express\lib\router\layer.js:95:5)
    at next (D:\2. Fun\7. NodeJs\MERN_practice\backend\node_modules\express\lib\router\route.js:137:13)
    at Route.dispatch (D:\2. Fun\7. NodeJs\MERN_practice\backend\node_modules\express\lib\router\route.js:112:3)
    at Layer.handle [as handle_request] (D:\2. Fun\7. NodeJs\MERN_practice\backend\node_modules\express\lib\router\layer.js:95:5)
    at D:\2. Fun\7. NodeJs\MERN_practice\backend\node_modules\express\lib\router\index.js:281:22
    at Function.process_params (D:\2. Fun\7. NodeJs\MERN_practice\backend\node_modules\express\lib\router\index.js:335:12)
    at next (D:\2. Fun\7. NodeJs\MERN_practice\backend\node_modules\express\lib\router\index.js:275:10)
    at Function.handle (D:\2. Fun\7. NodeJs\MERN_practice\backend\node_modules\express\lib\router\index.js:174:3)
    at router (D:\2. Fun\7. NodeJs\MERN_practice\backend\node_modules\express\lib\router\index.js:47:12)
    at Layer.handle [as handle_request] (D:\2. Fun\7. NodeJs\MERN_practice\backend\node_modules\express\lib\router\layer.js:95:5)
    at trim_prefix (D:\2. Fun\7. NodeJs\MERN_practice\backend\node_modules\express\lib\router\index.js:317:13)
    at D:\2. Fun\7. NodeJs\MERN_practice\backend\node_modules\express\lib\router\index.js:284:7
    at Function.process_params (D:\2. Fun\7. NodeJs\MERN_practice\backend\node_modules\express\lib\router\index.js:335:12)
    at next (D:\2. Fun\7. NodeJs\MERN_practice\backend\node_modules\express\lib\router\index.js:275:10)
    at Function.handle (D:\2. Fun\7. NodeJs\MERN_practice\backend\node_modules\express\lib\router\index.js:174:3)
    at router (D:\2. Fun\7. NodeJs\MERN_practice\backend\node_modules\express\lib\router\index.js:47:12)
    at Layer.handle [as handle_request] (D:\2. Fun\7. NodeJs\MERN_practice\backend\node_modules\express\lib\router\layer.js:95:5)
    at trim_prefix (D:\2. Fun\7. NodeJs\MERN_practice\backend\node_modules\express\lib\router\index.js:317:13)
    at D:\2. Fun\7. NodeJs\MERN_practice\backend\node_modules\express\lib\router\index.js:284:7
    at Function.process_params (D:\2. Fun\7. NodeJs\MERN_practice\backend\node_modules\express\lib\router\index.js:335:12)
    at next (D:\2. Fun\7. NodeJs\MERN_practice\backend\node_modules\express\lib\router\index.js:275:10)
    at initialize (D:\2. Fun\7. NodeJs\MERN_practice\backend\node_modules\passport\lib\middleware\initialize.js:53:5)
    at Layer.handle [as handle_request] (D:\2. Fun\7. NodeJs\MERN_practice\backend\node_modules\express\lib\router\layer.js:95:5)
    at trim_prefix (D:\2. Fun\7. NodeJs\MERN_practice\backend\node_modules\express\lib\router\index.js:317:13)
[31merror[39m: TypeError: Converting circular structure to JSON
    --> starting at object with constructor 'NativeTopology'
    |     property 's' -> object with constructor 'Object'
    |     property 'sessionPool' -> object with constructor 'ServerSessionPool'
    --- property 'topology' closes the circle
    at JSON.stringify (<anonymous>)
    at stringify (D:\2. Fun\7. NodeJs\MERN_practice\backend\node_modules\express\lib\response.js:1119:12)
    at ServerResponse.json (D:\2. Fun\7. NodeJs\MERN_practice\backend\node_modules\express\lib\response.js:260:14)
    at D:\2. Fun\7. NodeJs\MERN_practice\backend\routes\testcase.route.js:10:9
    at Layer.handle [as handle_request] (D:\2. Fun\7. NodeJs\MERN_practice\backend\node_modules\express\lib\router\layer.js:95:5)
    at next (D:\2. Fun\7. NodeJs\MERN_practice\backend\node_modules\express\lib\router\route.js:137:13)
    at Route.dispatch (D:\2. Fun\7. NodeJs\MERN_practice\backend\node_modules\express\lib\router\route.js:112:3)
    at Layer.handle [as handle_request] (D:\2. Fun\7. NodeJs\MERN_practice\backend\node_modules\express\lib\router\layer.js:95:5)
    at D:\2. Fun\7. NodeJs\MERN_practice\backend\node_modules\express\lib\router\index.js:281:22
    at Function.process_params (D:\2. Fun\7. NodeJs\MERN_practice\backend\node_modules\express\lib\router\index.js:335:12)
    at next (D:\2. Fun\7. NodeJs\MERN_practice\backend\node_modules\express\lib\router\index.js:275:10)
    at Function.handle (D:\2. Fun\7. NodeJs\MERN_practice\backend\node_modules\express\lib\router\index.js:174:3)
    at router (D:\2. Fun\7. NodeJs\MERN_practice\backend\node_modules\express\lib\router\index.js:47:12)
    at Layer.handle [as handle_request] (D:\2. Fun\7. NodeJs\MERN_practice\backend\node_modules\express\lib\router\layer.js:95:5)
    at trim_prefix (D:\2. Fun\7. NodeJs\MERN_practice\backend\node_modules\express\lib\router\index.js:317:13)
    at D:\2. Fun\7. NodeJs\MERN_practice\backend\node_modules\express\lib\router\index.js:284:7
    at Function.process_params (D:\2. Fun\7. NodeJs\MERN_practice\backend\node_modules\express\lib\router\index.js:335:12)
    at next (D:\2. Fun\7. NodeJs\MERN_practice\backend\node_modules\express\lib\router\index.js:275:10)
    at Function.handle (D:\2. Fun\7. NodeJs\MERN_practice\backend\node_modules\express\lib\router\index.js:174:3)
    at router (D:\2. Fun\7. NodeJs\MERN_practice\backend\node_modules\express\lib\router\index.js:47:12)
    at Layer.handle [as handle_request] (D:\2. Fun\7. NodeJs\MERN_practice\backend\node_modules\express\lib\router\layer.js:95:5)
    at trim_prefix (D:\2. Fun\7. NodeJs\MERN_practice\backend\node_modules\express\lib\router\index.js:317:13)
    at D:\2. Fun\7. NodeJs\MERN_practice\backend\node_modules\express\lib\router\index.js:284:7
    at Function.process_params (D:\2. Fun\7. NodeJs\MERN_practice\backend\node_modules\express\lib\router\index.js:335:12)
    at next (D:\2. Fun\7. NodeJs\MERN_practice\backend\node_modules\express\lib\router\index.js:275:10)
    at initialize (D:\2. Fun\7. NodeJs\MERN_practice\backend\node_modules\passport\lib\middleware\initialize.js:53:5)
    at Layer.handle [as handle_request] (D:\2. Fun\7. NodeJs\MERN_practice\backend\node_modules\express\lib\router\layer.js:95:5)
    at trim_prefix (D:\2. Fun\7. NodeJs\MERN_practice\backend\node_modules\express\lib\router\index.js:317:13)
[32minfo[39m: Connected to MongoDB
[32minfo[39m: Listening to port 3000
[31merror[39m: TypeError: Converting circular structure to JSON
    --> starting at object with constructor 'NativeTopology'
    |     property 's' -> object with constructor 'Object'
    |     property 'sessionPool' -> object with constructor 'ServerSessionPool'
    --- property 'topology' closes the circle
    at JSON.stringify (<anonymous>)
    at stringify (D:\2. Fun\7. NodeJs\MERN_practice\backend\node_modules\express\lib\response.js:1119:12)
    at ServerResponse.json (D:\2. Fun\7. NodeJs\MERN_practice\backend\node_modules\express\lib\response.js:260:14)
    at D:\2. Fun\7. NodeJs\MERN_practice\backend\routes\testcase.route.js:12:9
    at Layer.handle [as handle_request] (D:\2. Fun\7. NodeJs\MERN_practice\backend\node_modules\express\lib\router\layer.js:95:5)
    at next (D:\2. Fun\7. NodeJs\MERN_practice\backend\node_modules\express\lib\router\route.js:137:13)
    at Route.dispatch (D:\2. Fun\7. NodeJs\MERN_practice\backend\node_modules\express\lib\router\route.js:112:3)
    at Layer.handle [as handle_request] (D:\2. Fun\7. NodeJs\MERN_practice\backend\node_modules\express\lib\router\layer.js:95:5)
    at D:\2. Fun\7. NodeJs\MERN_practice\backend\node_modules\express\lib\router\index.js:281:22
    at Function.process_params (D:\2. Fun\7. NodeJs\MERN_practice\backend\node_modules\express\lib\router\index.js:335:12)
    at next (D:\2. Fun\7. NodeJs\MERN_practice\backend\node_modules\express\lib\router\index.js:275:10)
    at Function.handle (D:\2. Fun\7. NodeJs\MERN_practice\backend\node_modules\express\lib\router\index.js:174:3)
    at router (D:\2. Fun\7. NodeJs\MERN_practice\backend\node_modules\express\lib\router\index.js:47:12)
    at Layer.handle [as handle_request] (D:\2. Fun\7. NodeJs\MERN_practice\backend\node_modules\express\lib\router\layer.js:95:5)
    at trim_prefix (D:\2. Fun\7. NodeJs\MERN_practice\backend\node_modules\express\lib\router\index.js:317:13)
    at D:\2. Fun\7. NodeJs\MERN_practice\backend\node_modules\express\lib\router\index.js:284:7
    at Function.process_params (D:\2. Fun\7. NodeJs\MERN_practice\backend\node_modules\express\lib\router\index.js:335:12)
    at next (D:\2. Fun\7. NodeJs\MERN_practice\backend\node_modules\express\lib\router\index.js:275:10)
    at Function.handle (D:\2. Fun\7. NodeJs\MERN_practice\backend\node_modules\express\lib\router\index.js:174:3)
    at router (D:\2. Fun\7. NodeJs\MERN_practice\backend\node_modules\express\lib\router\index.js:47:12)
    at Layer.handle [as handle_request] (D:\2. Fun\7. NodeJs\MERN_practice\backend\node_modules\express\lib\router\layer.js:95:5)
    at trim_prefix (D:\2. Fun\7. NodeJs\MERN_practice\backend\node_modules\express\lib\router\index.js:317:13)
    at D:\2. Fun\7. NodeJs\MERN_practice\backend\node_modules\express\lib\router\index.js:284:7
    at Function.process_params (D:\2. Fun\7. NodeJs\MERN_practice\backend\node_modules\express\lib\router\index.js:335:12)
    at next (D:\2. Fun\7. NodeJs\MERN_practice\backend\node_modules\express\lib\router\index.js:275:10)
    at initialize (D:\2. Fun\7. NodeJs\MERN_practice\backend\node_modules\passport\lib\middleware\initialize.js:53:5)
    at Layer.handle [as handle_request] (D:\2. Fun\7. NodeJs\MERN_practice\backend\node_modules\express\lib\router\layer.js:95:5)
    at trim_prefix (D:\2. Fun\7. NodeJs\MERN_practice\backend\node_modules\express\lib\router\index.js:317:13)
[32minfo[39m: Connected to MongoDB
[32minfo[39m: Listening to port 3000
[32minfo[39m: Connected to MongoDB
[32minfo[39m: Listening to port 3000
[31merror[39m: CastError: Cast to ObjectId failed for value "{ _id: 'findByField' }" at path "_id" for model "Testcase"
    at model.Query.exec (D:\2. Fun\7. NodeJs\MERN_practice\backend\node_modules\mongoose\lib\query.js:4360:21)
    at model.Query.Query.then (D:\2. Fun\7. NodeJs\MERN_practice\backend\node_modules\mongoose\lib\query.js:4454:15)
    at processTicksAndRejections (internal/process/task_queues.js:93:5)
[32minfo[39m: Connected to MongoDB
[32minfo[39m: Listening to port 3000
[32minfo[39m: Connected to MongoDB
[32minfo[39m: Listening to port 3000
[31merror[39m: TypeError: Converting circular structure to JSON
    --> starting at object with constructor 'NativeTopology'
    |     property 's' -> object with constructor 'Object'
    |     property 'sessionPool' -> object with constructor 'ServerSessionPool'
    --- property 'topology' closes the circle
    at JSON.stringify (<anonymous>)
    at stringify (D:\2. Fun\7. NodeJs\MERN_practice\backend\node_modules\express\lib\response.js:1119:12)
    at ServerResponse.json (D:\2. Fun\7. NodeJs\MERN_practice\backend\node_modules\express\lib\response.js:260:14)
    at D:\2. Fun\7. NodeJs\MERN_practice\backend\routes\testcase.route.js:10:9
    at Layer.handle [as handle_request] (D:\2. Fun\7. NodeJs\MERN_practice\backend\node_modules\express\lib\router\layer.js:95:5)
    at next (D:\2. Fun\7. NodeJs\MERN_practice\backend\node_modules\express\lib\router\route.js:137:13)
    at Route.dispatch (D:\2. Fun\7. NodeJs\MERN_practice\backend\node_modules\express\lib\router\route.js:112:3)
    at Layer.handle [as handle_request] (D:\2. Fun\7. NodeJs\MERN_practice\backend\node_modules\express\lib\router\layer.js:95:5)
    at D:\2. Fun\7. NodeJs\MERN_practice\backend\node_modules\express\lib\router\index.js:281:22
    at Function.process_params (D:\2. Fun\7. NodeJs\MERN_practice\backend\node_modules\express\lib\router\index.js:335:12)
    at next (D:\2. Fun\7. NodeJs\MERN_practice\backend\node_modules\express\lib\router\index.js:275:10)
    at Function.handle (D:\2. Fun\7. NodeJs\MERN_practice\backend\node_modules\express\lib\router\index.js:174:3)
    at router (D:\2. Fun\7. NodeJs\MERN_practice\backend\node_modules\express\lib\router\index.js:47:12)
    at Layer.handle [as handle_request] (D:\2. Fun\7. NodeJs\MERN_practice\backend\node_modules\express\lib\router\layer.js:95:5)
    at trim_prefix (D:\2. Fun\7. NodeJs\MERN_practice\backend\node_modules\express\lib\router\index.js:317:13)
    at D:\2. Fun\7. NodeJs\MERN_practice\backend\node_modules\express\lib\router\index.js:284:7
    at Function.process_params (D:\2. Fun\7. NodeJs\MERN_practice\backend\node_modules\express\lib\router\index.js:335:12)
    at next (D:\2. Fun\7. NodeJs\MERN_practice\backend\node_modules\express\lib\router\index.js:275:10)
    at Function.handle (D:\2. Fun\7. NodeJs\MERN_practice\backend\node_modules\express\lib\router\index.js:174:3)
    at router (D:\2. Fun\7. NodeJs\MERN_practice\backend\node_modules\express\lib\router\index.js:47:12)
    at Layer.handle [as handle_request] (D:\2. Fun\7. NodeJs\MERN_practice\backend\node_modules\express\lib\router\layer.js:95:5)
    at trim_prefix (D:\2. Fun\7. NodeJs\MERN_practice\backend\node_modules\express\lib\router\index.js:317:13)
    at D:\2. Fun\7. NodeJs\MERN_practice\backend\node_modules\express\lib\router\index.js:284:7
    at Function.process_params (D:\2. Fun\7. NodeJs\MERN_practice\backend\node_modules\express\lib\router\index.js:335:12)
    at next (D:\2. Fun\7. NodeJs\MERN_practice\backend\node_modules\express\lib\router\index.js:275:10)
    at initialize (D:\2. Fun\7. NodeJs\MERN_practice\backend\node_modules\passport\lib\middleware\initialize.js:53:5)
    at Layer.handle [as handle_request] (D:\2. Fun\7. NodeJs\MERN_practice\backend\node_modules\express\lib\router\layer.js:95:5)
    at trim_prefix (D:\2. Fun\7. NodeJs\MERN_practice\backend\node_modules\express\lib\router\index.js:317:13)
[32minfo[39m: Connected to MongoDB
[32minfo[39m: Listening to port 3000
[31merror[39m: TypeError: Converting circular structure to JSON
    --> starting at object with constructor 'NativeTopology'
    |     property 's' -> object with constructor 'Object'
    |     property 'sessionPool' -> object with constructor 'ServerSessionPool'
    --- property 'topology' closes the circle
    at JSON.stringify (<anonymous>)
    at stringify (D:\2. Fun\7. NodeJs\MERN_practice\backend\node_modules\express\lib\response.js:1119:12)
    at ServerResponse.json (D:\2. Fun\7. NodeJs\MERN_practice\backend\node_modules\express\lib\response.js:260:14)
    at D:\2. Fun\7. NodeJs\MERN_practice\backend\routes\testcase.route.js:10:9
    at Layer.handle [as handle_request] (D:\2. Fun\7. NodeJs\MERN_practice\backend\node_modules\express\lib\router\layer.js:95:5)
    at next (D:\2. Fun\7. NodeJs\MERN_practice\backend\node_modules\express\lib\router\route.js:137:13)
    at Route.dispatch (D:\2. Fun\7. NodeJs\MERN_practice\backend\node_modules\express\lib\router\route.js:112:3)
    at Layer.handle [as handle_request] (D:\2. Fun\7. NodeJs\MERN_practice\backend\node_modules\express\lib\router\layer.js:95:5)
    at D:\2. Fun\7. NodeJs\MERN_practice\backend\node_modules\express\lib\router\index.js:281:22
    at Function.process_params (D:\2. Fun\7. NodeJs\MERN_practice\backend\node_modules\express\lib\router\index.js:335:12)
    at next (D:\2. Fun\7. NodeJs\MERN_practice\backend\node_modules\express\lib\router\index.js:275:10)
    at Function.handle (D:\2. Fun\7. NodeJs\MERN_practice\backend\node_modules\express\lib\router\index.js:174:3)
    at router (D:\2. Fun\7. NodeJs\MERN_practice\backend\node_modules\express\lib\router\index.js:47:12)
    at Layer.handle [as handle_request] (D:\2. Fun\7. NodeJs\MERN_practice\backend\node_modules\express\lib\router\layer.js:95:5)
    at trim_prefix (D:\2. Fun\7. NodeJs\MERN_practice\backend\node_modules\express\lib\router\index.js:317:13)
    at D:\2. Fun\7. NodeJs\MERN_practice\backend\node_modules\express\lib\router\index.js:284:7
    at Function.process_params (D:\2. Fun\7. NodeJs\MERN_practice\backend\node_modules\express\lib\router\index.js:335:12)
    at next (D:\2. Fun\7. NodeJs\MERN_practice\backend\node_modules\express\lib\router\index.js:275:10)
    at Function.handle (D:\2. Fun\7. NodeJs\MERN_practice\backend\node_modules\express\lib\router\index.js:174:3)
    at router (D:\2. Fun\7. NodeJs\MERN_practice\backend\node_modules\express\lib\router\index.js:47:12)
    at Layer.handle [as handle_request] (D:\2. Fun\7. NodeJs\MERN_practice\backend\node_modules\express\lib\router\layer.js:95:5)
    at trim_prefix (D:\2. Fun\7. NodeJs\MERN_practice\backend\node_modules\express\lib\router\index.js:317:13)
    at D:\2. Fun\7. NodeJs\MERN_practice\backend\node_modules\express\lib\router\index.js:284:7
    at Function.process_params (D:\2. Fun\7. NodeJs\MERN_practice\backend\node_modules\express\lib\router\index.js:335:12)
    at next (D:\2. Fun\7. NodeJs\MERN_practice\backend\node_modules\express\lib\router\index.js:275:10)
    at initialize (D:\2. Fun\7. NodeJs\MERN_practice\backend\node_modules\passport\lib\middleware\initialize.js:53:5)
    at Layer.handle [as handle_request] (D:\2. Fun\7. NodeJs\MERN_practice\backend\node_modules\express\lib\router\layer.js:95:5)
    at trim_prefix (D:\2. Fun\7. NodeJs\MERN_practice\backend\node_modules\express\lib\router\index.js:317:13)
[31merror[39m: TypeError: Converting circular structure to JSON
    --> starting at object with constructor 'NativeTopology'
    |     property 's' -> object with constructor 'Object'
    |     property 'sessionPool' -> object with constructor 'ServerSessionPool'
    --- property 'topology' closes the circle
    at JSON.stringify (<anonymous>)
    at stringify (D:\2. Fun\7. NodeJs\MERN_practice\backend\node_modules\express\lib\response.js:1119:12)
    at ServerResponse.json (D:\2. Fun\7. NodeJs\MERN_practice\backend\node_modules\express\lib\response.js:260:14)
    at D:\2. Fun\7. NodeJs\MERN_practice\backend\routes\testcase.route.js:10:9
    at Layer.handle [as handle_request] (D:\2. Fun\7. NodeJs\MERN_practice\backend\node_modules\express\lib\router\layer.js:95:5)
    at next (D:\2. Fun\7. NodeJs\MERN_practice\backend\node_modules\express\lib\router\route.js:137:13)
    at Route.dispatch (D:\2. Fun\7. NodeJs\MERN_practice\backend\node_modules\express\lib\router\route.js:112:3)
    at Layer.handle [as handle_request] (D:\2. Fun\7. NodeJs\MERN_practice\backend\node_modules\express\lib\router\layer.js:95:5)
    at D:\2. Fun\7. NodeJs\MERN_practice\backend\node_modules\express\lib\router\index.js:281:22
    at Function.process_params (D:\2. Fun\7. NodeJs\MERN_practice\backend\node_modules\express\lib\router\index.js:335:12)
    at next (D:\2. Fun\7. NodeJs\MERN_practice\backend\node_modules\express\lib\router\index.js:275:10)
    at Function.handle (D:\2. Fun\7. NodeJs\MERN_practice\backend\node_modules\express\lib\router\index.js:174:3)
    at router (D:\2. Fun\7. NodeJs\MERN_practice\backend\node_modules\express\lib\router\index.js:47:12)
    at Layer.handle [as handle_request] (D:\2. Fun\7. NodeJs\MERN_practice\backend\node_modules\express\lib\router\layer.js:95:5)
    at trim_prefix (D:\2. Fun\7. NodeJs\MERN_practice\backend\node_modules\express\lib\router\index.js:317:13)
    at D:\2. Fun\7. NodeJs\MERN_practice\backend\node_modules\express\lib\router\index.js:284:7
    at Function.process_params (D:\2. Fun\7. NodeJs\MERN_practice\backend\node_modules\express\lib\router\index.js:335:12)
    at next (D:\2. Fun\7. NodeJs\MERN_practice\backend\node_modules\express\lib\router\index.js:275:10)
    at Function.handle (D:\2. Fun\7. NodeJs\MERN_practice\backend\node_modules\express\lib\router\index.js:174:3)
    at router (D:\2. Fun\7. NodeJs\MERN_practice\backend\node_modules\express\lib\router\index.js:47:12)
    at Layer.handle [as handle_request] (D:\2. Fun\7. NodeJs\MERN_practice\backend\node_modules\express\lib\router\layer.js:95:5)
    at trim_prefix (D:\2. Fun\7. NodeJs\MERN_practice\backend\node_modules\express\lib\router\index.js:317:13)
    at D:\2. Fun\7. NodeJs\MERN_practice\backend\node_modules\express\lib\router\index.js:284:7
    at Function.process_params (D:\2. Fun\7. NodeJs\MERN_practice\backend\node_modules\express\lib\router\index.js:335:12)
    at next (D:\2. Fun\7. NodeJs\MERN_practice\backend\node_modules\express\lib\router\index.js:275:10)
    at initialize (D:\2. Fun\7. NodeJs\MERN_practice\backend\node_modules\passport\lib\middleware\initialize.js:53:5)
    at Layer.handle [as handle_request] (D:\2. Fun\7. NodeJs\MERN_practice\backend\node_modules\express\lib\router\layer.js:95:5)
    at trim_prefix (D:\2. Fun\7. NodeJs\MERN_practice\backend\node_modules\express\lib\router\index.js:317:13)
[32minfo[39m: Connected to MongoDB
[32minfo[39m: Listening to port 3000
[32minfo[39m: Connected to MongoDB
[32minfo[39m: Listening to port 3000
[32minfo[39m: Connected to MongoDB
[32minfo[39m: Listening to port 3000
[32minfo[39m: Connected to MongoDB
[32minfo[39m: Listening to port 3000
[32minfo[39m: Connected to MongoDB
[32minfo[39m: Listening to port 3000
[32minfo[39m: Connected to MongoDB
[32minfo[39m: Listening to port 3000
[32minfo[39m: Connected to MongoDB
[32minfo[39m: Listening to port 3000
[32minfo[39m: Connected to MongoDB
[32minfo[39m: Listening to port 3000
[32minfo[39m: Connected to MongoDB
[32minfo[39m: Listening to port 3000
[32minfo[39m: Connected to MongoDB
[32minfo[39m: Listening to port 3000
[32minfo[39m: Connected to MongoDB
[32minfo[39m: Listening to port 3000
[32minfo[39m: Connected to MongoDB
[32minfo[39m: Listening to port 3000
[32minfo[39m: Connected to MongoDB
[32minfo[39m: Listening to port 3000
[32minfo[39m: Connected to MongoDB
[32minfo[39m: Listening to port 3000
[32minfo[39m: Connected to MongoDB
[32minfo[39m: Listening to port 3000
[32minfo[39m: Connected to MongoDB
[32minfo[39m: Listening to port 3000
[32minfo[39m: Connected to MongoDB
[32minfo[39m: Listening to port 3000
[32minfo[39m: Connected to MongoDB
[32minfo[39m: Listening to port 3000
[32minfo[39m: Connected to MongoDB
[32minfo[39m: Listening to port 3000
[32minfo[39m: Connected to MongoDB
[32minfo[39m: Listening to port 3000
